#
# There is insufficient memory for the Java Runtime Environment to continue.
# Native memory allocation (malloc) failed to allocate 831456 bytes for Chunk::new
# Possible reasons:
#   The system is out of physical RAM or swap space
#   In 32 bit mode, the process size limit was hit
# Possible solutions:
#   Reduce memory load on the system
#   Increase physical memory or swap space
#   Check if swap backing store is full
#   Use 64 bit Java on a 64 bit OS
#   Decrease Java heap size (-Xmx/-Xms)
#   Decrease number of Java threads
#   Decrease Java thread stack sizes (-Xss)
#   Set larger code cache with -XX:ReservedCodeCacheSize=
# This output file may be truncated or incomplete.
#
#  Out of Memory Error (allocation.cpp:323), pid=9336, tid=6344
#
# JRE version: Java(TM) SE Runtime Environment (7.0_40-b43) (build 1.7.0_40-b43)
# Java VM: Java HotSpot(TM) 64-Bit Server VM (24.0-b56 mixed mode windows-amd64 compressed oops)
# Failed to write core dump. Minidumps are not enabled by default on client versions of Windows
#

---------------  T H R E A D  ---------------

Current thread (0x0000000008ca5000):  JavaThread "C2 CompilerThread0" daemon [_thread_in_native, id=6344, stack(0x000000000a210000,0x000000000a310000)]

Stack: [0x000000000a210000,0x000000000a310000]

Current CompileTask:
C2:   5400  200             com.android.dx.ssa.SCCP::run (298 bytes)


---------------  P R O C E S S  ---------------

Java Threads: ( => current thread )
  0x0000000008cb4000 JavaThread "Service Thread" daemon [_thread_blocked, id=13384, stack(0x000000000a410000,0x000000000a510000)]
  0x0000000008caf000 JavaThread "C2 CompilerThread1" daemon [_thread_blocked, id=4900, stack(0x000000000a310000,0x000000000a410000)]
=>0x0000000008ca5000 JavaThread "C2 CompilerThread0" daemon [_thread_in_native, id=6344, stack(0x000000000a210000,0x000000000a310000)]
  0x0000000008ca4000 JavaThread "Attach Listener" daemon [_thread_blocked, id=10424, stack(0x000000000a110000,0x000000000a210000)]
  0x0000000008ca1000 JavaThread "Signal Dispatcher" daemon [_thread_blocked, id=10356, stack(0x000000000a010000,0x000000000a110000)]
  0x0000000008c6f000 JavaThread "Finalizer" daemon [_thread_blocked, id=1492, stack(0x0000000009f10000,0x000000000a010000)]
  0x0000000008c63800 JavaThread "Reference Handler" daemon [_thread_blocked, id=13460, stack(0x0000000009e10000,0x0000000009f10000)]
  0x000000000137e800 JavaThread "main" [_thread_in_vm_trans, id=12948, stack(0x0000000002ac0000,0x0000000002bc0000)]

Other Threads:
  0x0000000008c61800 VMThread [stack: 0x0000000009d10000,0x0000000009e10000] [id=5820]
  0x0000000008cca800 WatcherThread [stack: 0x000000000a510000,0x000000000a610000] [id=11584]

VM state:synchronizing (normal execution)

VM Mutex/Monitor currently owned by a thread:  ([mutex/lock_event])
[0x000000000137d480] Safepoint_lock - owner thread: 0x0000000008c61800
[0x000000000137ca80] Threads_lock - owner thread: 0x0000000008c61800

Heap
 PSYoungGen      total 18432K, used 13983K [0x00000000eaa80000, 0x00000000ebf00000, 0x0000000100000000)
  eden space 15872K, 72% used [0x00000000eaa80000,0x00000000eb5aa238,0x00000000eba00000)
  from space 2560K, 99% used [0x00000000eba00000,0x00000000ebc7dc78,0x00000000ebc80000)
  to   space 2560K, 0% used [0x00000000ebc80000,0x00000000ebc80000,0x00000000ebf00000)
 ParOldGen       total 41472K, used 1473K [0x00000000c0000000, 0x00000000c2880000, 0x00000000eaa80000)
  object space 41472K, 3% used [0x00000000c0000000,0x00000000c0170440,0x00000000c2880000)
 PSPermGen       total 21504K, used 5453K [0x00000000bae00000, 0x00000000bc300000, 0x00000000c0000000)
  object space 21504K, 25% used [0x00000000bae00000,0x00000000bb353410,0x00000000bc300000)

Card table byte_map: [0x0000000005ed0000,0x0000000006100000] byte_map_base: 0x00000000058f9000

Polling page: 0x0000000001080000

Code Cache  [0x0000000002e10000, 0x0000000003080000, 0x0000000005e10000)
 total_blobs=431 nmethods=198 adapters=185 free_code_cache=48359Kb largest_free_block=49495488

Compilation events (10 events):
Event: 5.317 Thread 0x0000000008caf000  195             com.android.dx.rop.type.Type::equals (31 bytes)
Event: 5.318 Thread 0x0000000008caf000 nmethod 195 0x0000000002ec4a50 code [0x0000000002ec4ba0, 0x0000000002ec4d18]
Event: 5.320 Thread 0x0000000008ca5000  196   !         com.android.dx.util.IntList::set (53 bytes)
Event: 5.321 Thread 0x0000000008ca5000 nmethod 196 0x0000000002ec4710 code [0x0000000002ec4860, 0x0000000002ec4938]
Event: 5.355 Thread 0x0000000008caf000  197             com.android.dx.rop.code.PlainInsn::<init> (73 bytes)
Event: 5.358 Thread 0x0000000008caf000 nmethod 197 0x0000000002ec4310 code [0x0000000002ec4460, 0x0000000002ec4598]
Event: 5.360 Thread 0x0000000008ca5000  198             com.android.dx.util.FixedSizeList::getOrNull0 (7 bytes)
Event: 5.361 Thread 0x0000000008ca5000 nmethod 198 0x0000000002eda850 code [0x0000000002eda980, 0x0000000002edaa18]
Event: 5.364 Thread 0x0000000008caf000  199             com.android.dx.rop.code.LocalVariableExtractor::processBlock (327 bytes)
Event: 5.367 Thread 0x0000000008ca5000  200             com.android.dx.ssa.SCCP::run (298 bytes)

GC Heap History (2 events):
Event: 3.009 GC heap before
{Heap before GC invocations=1 (full 0):
 PSYoungGen      total 18432K, used 15872K [0x00000000eaa80000, 0x00000000ebf00000, 0x0000000100000000)
  eden space 15872K, 100% used [0x00000000eaa80000,0x00000000eba00000,0x00000000eba00000)
  from space 2560K, 0% used [0x00000000ebc80000,0x00000000ebc80000,0x00000000ebf00000)
  to   space 2560K, 0% used [0x00000000eba00000,0x00000000eba00000,0x00000000ebc80000)
 ParOldGen       total 41472K, used 0K [0x00000000c0000000, 0x00000000c2880000, 0x00000000eaa80000)
  object space 41472K, 0% used [0x00000000c0000000,0x00000000c0000000,0x00000000c2880000)
 PSPermGen       total 21504K, used 5330K [0x00000000bae00000, 0x00000000bc300000, 0x00000000c0000000)
  object space 21504K, 24% used [0x00000000bae00000,0x00000000bb334908,0x00000000bc300000)
Event: 3.016 GC heap after
Heap after GC invocations=1 (full 0):
 PSYoungGen      total 18432K, used 2551K [0x00000000eaa80000, 0x00000000ebf00000, 0x0000000100000000)
  eden space 15872K, 0% used [0x00000000eaa80000,0x00000000eaa80000,0x00000000eba00000)
  from space 2560K, 99% used [0x00000000eba00000,0x00000000ebc7dc78,0x00000000ebc80000)
  to   space 2560K, 0% used [0x00000000ebc80000,0x00000000ebc80000,0x00000000ebf00000)
 ParOldGen       total 41472K, used 1473K [0x00000000c0000000, 0x00000000c2880000, 0x00000000eaa80000)
  object space 41472K, 3% used [0x00000000c0000000,0x00000000c0170440,0x00000000c2880000)
 PSPermGen       total 21504K, used 5330K [0x00000000bae00000, 0x00000000bc300000, 0x00000000c0000000)
  object space 21504K, 24% used [0x00000000bae00000,0x00000000bb334908,0x00000000bc300000)
}

Deoptimization events (2 events):
Event: 2.469 Thread 0x000000000137e800 Uncommon trap: reason=null_check action=make_not_entrant pc=0x0000000002e90720 method=com.android.dx.rop.code.LocalItem.equals(Ljava/lang/Object;)Z @ 1
Event: 5.198 Thread 0x000000000137e800 Uncommon trap: reason=null_check action=make_not_entrant pc=0x0000000002ed5438 method=com.android.dx.rop.type.Type.putIntern(Lcom/android/dx/rop/type/Type;)Lcom/android/dx/rop/type/Type; @ 18

Internal exceptions (10 events):
Event: 1.625 Thread 0x000000000137e800 Threw 0x00000000eb2cc8f0 at C:\jdk7u2_64p\jdk7u40\hotspot\src\share\vm\prims\jvm.cpp:1244
Event: 1.627 Thread 0x000000000137e800 Threw 0x00000000eb2d35c8 at C:\jdk7u2_64p\jdk7u40\hotspot\src\share\vm\prims\jvm.cpp:1244
Event: 2.469 Thread 0x000000000137e800 Implicit null exception at 0x0000000002e903e3 to 0x0000000002e9070d
Event: 2.693 Thread 0x000000000137e800 Threw 0x00000000eb7d5b68 at C:\jdk7u2_64p\jdk7u40\hotspot\src\share\vm\prims\jvm.cpp:1244
Event: 2.966 Thread 0x000000000137e800 Threw 0x00000000eb9a7af8 at C:\jdk7u2_64p\jdk7u40\hotspot\src\share\vm\prims\jvm.cpp:1244
Event: 3.307 Thread 0x000000000137e800 Threw 0x00000000eac95b38 at C:\jdk7u2_64p\jdk7u40\hotspot\src\share\vm\prims\jvm.cpp:1244
Event: 3.308 Thread 0x000000000137e800 Threw 0x00000000eac98128 at C:\jdk7u2_64p\jdk7u40\hotspot\src\share\vm\prims\jvm.cpp:1244
Event: 4.680 Thread 0x000000000137e800 Threw 0x00000000eafc2f90 at C:\jdk7u2_64p\jdk7u40\hotspot\src\share\vm\prims\jvm.cpp:1244
Event: 4.787 Thread 0x000000000137e800 Threw 0x00000000eb028a30 at C:\jdk7u2_64p\jdk7u40\hotspot\src\share\vm\prims\jvm.cpp:1244
Event: 5.198 Thread 0x000000000137e800 Implicit null exception at 0x0000000002ed4d27 to 0x0000000002ed5429

Events (10 events):
Event: 3.308 loading class 0x0000000008ce9ae0 done
Event: 4.390 Executing VM operation: EnableBiasedLocking
Event: 4.390 Executing VM operation: EnableBiasedLocking done
Event: 4.680 loading class 0x0000000008cea2a0
Event: 4.680 loading class 0x0000000008cea2a0 done
Event: 4.787 loading class 0x000000000a806700
Event: 4.787 loading class 0x000000000a806700 done
Event: 5.198 Thread 0x000000000137e800 Uncommon trap: trap_request=0xfffffff4 fr.pc=0x0000000002ed5438
Event: 5.198 Thread 0x000000000137e800 DEOPT PACKING pc=0x0000000002ed5438 sp=0x0000000002bbe6a0
Event: 5.198 Thread 0x000000000137e800 DEOPT UNPACKING pc=0x0000000002e475a4 sp=0x0000000002bbe5c0 mode 2


Dynamic libraries:
0x00007ff6f1400000 - 0x00007ff6f1433000 	C:\Program Files\Java\jdk1.7.0_40\bin\java.exe
0x00007ffad3bf0000 - 0x00007ffad3db1000 	C:\WINDOWS\SYSTEM32\ntdll.dll
0x00007ffad1c20000 - 0x00007ffad1ccd000 	C:\WINDOWS\system32\KERNEL32.DLL
0x00007ffad10e0000 - 0x00007ffad12bd000 	C:\WINDOWS\system32\KERNELBASE.dll
0x00007ffad38c0000 - 0x00007ffad3966000 	C:\WINDOWS\system32\ADVAPI32.dll
0x00007ffad1490000 - 0x00007ffad152d000 	C:\WINDOWS\system32\msvcrt.dll
0x00007ffad3860000 - 0x00007ffad38bb000 	C:\WINDOWS\system32\sechost.dll
0x00007ffad1f00000 - 0x00007ffad2026000 	C:\WINDOWS\system32\RPCRT4.dll
0x00007ffad19e0000 - 0x00007ffad1b2e000 	C:\WINDOWS\system32\USER32.dll
0x00007ffad1850000 - 0x00007ffad19d6000 	C:\WINDOWS\system32\GDI32.dll
0x00007ffacf460000 - 0x00007ffacf6d4000 	C:\WINDOWS\WinSxS\amd64_microsoft.windows.common-controls_6595b64144ccf1df_6.0.10240.16384_none_f41f7b285750ef43\COMCTL32.dll
0x00007ffad1680000 - 0x00007ffad16b6000 	C:\WINDOWS\system32\IMM32.DLL
0x00007ffad1d90000 - 0x00007ffad1eec000 	C:\WINDOWS\system32\MSCTF.dll
0x0000000063d30000 - 0x0000000063e01000 	C:\Program Files\Java\jdk1.7.0_40\jre\bin\msvcr100.dll
0x00000000641b0000 - 0x0000000064979000 	C:\Program Files\Java\jdk1.7.0_40\jre\bin\server\jvm.dll
0x00007ffad3850000 - 0x00007ffad3858000 	C:\WINDOWS\system32\PSAPI.DLL
0x00007ffac59c0000 - 0x00007ffac59c9000 	C:\WINDOWS\SYSTEM32\WSOCK32.dll
0x00007ffad1bb0000 - 0x00007ffad1c19000 	C:\WINDOWS\system32\WS2_32.dll
0x00007ffad1ef0000 - 0x00007ffad1ef8000 	C:\WINDOWS\system32\NSI.dll
0x00007fface1c0000 - 0x00007fface1e3000 	C:\WINDOWS\SYSTEM32\WINMM.dll
0x00007fface190000 - 0x00007fface1bc000 	C:\WINDOWS\SYSTEM32\WINMMBASE.dll
0x00007ffad09b0000 - 0x00007ffad09f4000 	C:\WINDOWS\system32\cfgmgr32.dll
0x00007fface9e0000 - 0x00007ffacea07000 	C:\WINDOWS\SYSTEM32\DEVOBJ.dll
0x00000000641a0000 - 0x00000000641af000 	C:\Program Files\Java\jdk1.7.0_40\jre\bin\verify.dll
0x0000000064170000 - 0x0000000064198000 	C:\Program Files\Java\jdk1.7.0_40\jre\bin\java.dll
0x0000000064150000 - 0x0000000064165000 	C:\Program Files\Java\jdk1.7.0_40\jre\bin\zip.dll
0x0000000064130000 - 0x0000000064149000 	C:\Program Files\Java\jdk1.7.0_40\jre\bin\net.dll
0x00007ffacfe90000 - 0x00007ffacfeed000 	C:\WINDOWS\system32\mswsock.dll
0x0000000064110000 - 0x0000000064121000 	C:\Program Files\Java\jdk1.7.0_40\jre\bin\nio.dll

VM Arguments:
jvm_args: -Xmx1024M -Dfile.encoding=windows-1250 -Duser.country=SK -Duser.language=sk -Duser.variant 
java_command: com.android.dx.command.Main --dex --output C:\Users\Juraj\OneDrive\Dokumenty\School\Software Engineering II\SmartHouse\app\build\intermediates\pre-dexed\debug\internal_impl-22.1.0-1c848256019ef9cd0df6566545d84d2463c949d7.jar C:\Users\Juraj\OneDrive\Dokumenty\School\Software Engineering II\SmartHouse\app\build\intermediates\exploded-aar\com.android.support\support-v4\22.1.0\jars\libs\internal_impl-22.1.0.jar
Launcher Type: SUN_STANDARD

Environment Variables:
JAVA_HOME=C:\Program Files\Java\jdk1.7.0_40
PATH=C:\ProgramData\Oracle\Java\javapath;C:\Program Files (x86)\ActiveState Komodo Edit 9 nightly\;C:\Program Files (x86)\Common Files\Intel\Shared Files\cpp\bin\Intel64;C:\PROGRAM FILES (X86)\INTEL\ICLS CLIENT\;C:\PROGRAM FILES\INTEL\ICLS CLIENT\;C:\WINDOWS\SYSTEM32;C:\WINDOWS;C:\WINDOWS\SYSTEM32\WBEM;C:\WINDOWS\SYSTEM32\WINDOWSPOWERSHELL\V1.0\;C:\PROGRAM FILES\INTEL\INTEL(R) MANAGEMENT ENGINE COMPONENTS\DAL;C:\PROGRAM FILES\INTEL\INTEL(R) MANAGEMENT ENGINE COMPONENTS\IPT;C:\PROGRAM FILES (X86)\INTEL\INTEL(R) MANAGEMENT ENGINE COMPONENTS\DAL;C:\PROGRAM FILES (X86)\INTEL\INTEL(R) MANAGEMENT ENGINE COMPONENTS\IPT;C:\PROGRAM FILES (X86)\INTEL\OPENCL SDK\2.0\BIN\X86;C:\PROGRAM FILES (X86)\INTEL\OPENCL SDK\2.0\BIN\X64;C:\PROGRAMDATA\LENOVO\READYAPPS;C:\PROGRAM FILES\INTEL\WIFI\BIN\;C:\PROGRAM FILES\COMMON FILES\INTEL\WIRELESSCOMMON\;C:/USERS/JURAJ/DESKTOP/SDK/TOOLS;C:\USERS\JURAJ\DESKTOP\APACHE-ANT-1.9.4\BIN;C:\PROGRAM FILES (X86)\COMMON FILES\LENOVO\EASYPLUSSDK\BIN;C:\Program Files\ThinkPad\Bluetooth Software\;C:\Program Files\ThinkPad\Bluetooth Software\syswow64;C:\Program Files (x86)\Windows Live\Shared;C:\Program Files (x86)\Tupi\lib;C:\Program Files (x86)\Tupi\lib\qt5;C:\Program Files (x86)\Tupi\lib\libav;C:\Program Files\Microsoft\Web Platform Installer\;C:\Program Files\gs\gs9.15\bin;C:\Program Files\gs\gs9.15\lib;C:\Program Files\Mercurial\;C:\WINDOWS\system32;C:\WINDOWS;C:\WINDOWS\System32\Wbem;C:\WINDOWS\System32\WindowsPowerShell\v1.0\;C:\Program Files (x86)\Skype\Phone\;C:\Program Files (x86)\MySQL\MySQL Fabric 1.5 & MySQL Utilities 1.5\;C:\Program Files (x86)\MySQL\MySQL Fabric 1.5 & MySQL Utilities 1.5\Doctrine extensions for PHP\;C:\Program Files\Intel\WiFi\bin\;C:\Program Files\Common Files\Intel\WirelessCommon\;C:\Users\Juraj\GRADLE_HOME/bin;C:/Program Files (x86)/adt-bundle-windows-x86_64-20131030/sdk/sources/android-19/com/android/commands;C:/Program Files/Java/jdk1.7.0_40/bin;C:/Users/Juraj/Desktop/sdk/tools;C:\Users\Juraj\Desktop\apache-ant-1.9.4\bin;
USERNAME=Juraj
OS=Windows_NT
PROCESSOR_IDENTIFIER=Intel64 Family 6 Model 58 Stepping 9, GenuineIntel



---------------  S Y S T E M  ---------------

OS: Windows 8 , 64 bit Build 9200 

CPU:total 4 (2 cores per cpu, 2 threads per core) family 6 model 58 stepping 9, cmov, cx8, fxsr, mmx, sse, sse2, sse3, ssse3, sse4.1, sse4.2, popcnt, avx, aes, erms, ht, tsc, tscinvbit, tscinv

Memory: 4k page, physical 4008860k(208316k free), swap 8814892k(5952k free)

vm_info: Java HotSpot(TM) 64-Bit Server VM (24.0-b56) for windows-amd64 JRE (1.7.0_40-b43), built on Aug 26 2013 22:38:32 by "java_re" with unknown MS VC++:1600

time: Sun Nov 15 18:17:09 2015
elapsed time: 5 seconds

