#
# There is insufficient memory for the Java Runtime Environment to continue.
# Native memory allocation (malloc) failed to allocate 1710704 bytes for Chunk::new
# Possible reasons:
#   The system is out of physical RAM or swap space
#   In 32 bit mode, the process size limit was hit
# Possible solutions:
#   Reduce memory load on the system
#   Increase physical memory or swap space
#   Check if swap backing store is full
#   Use 64 bit Java on a 64 bit OS
#   Decrease Java heap size (-Xmx/-Xms)
#   Decrease number of Java threads
#   Decrease Java thread stack sizes (-Xss)
#   Set larger code cache with -XX:ReservedCodeCacheSize=
# This output file may be truncated or incomplete.
#
#  Out of Memory Error (allocation.cpp:323), pid=11552, tid=7344
#
# JRE version: Java(TM) SE Runtime Environment (7.0_40-b43) (build 1.7.0_40-b43)
# Java VM: Java HotSpot(TM) 64-Bit Server VM (24.0-b56 mixed mode windows-amd64 compressed oops)
# Failed to write core dump. Minidumps are not enabled by default on client versions of Windows
#

---------------  T H R E A D  ---------------

Current thread (0x0000000008217000):  JavaThread "C2 CompilerThread1" daemon [_thread_in_native, id=7344, stack(0x0000000009880000,0x0000000009980000)]

Stack: [0x0000000009880000,0x0000000009980000]

Current CompileTask:
C2:  40809  740   !         com.android.dx.dex.cf.CfTranslator::processMethods (583 bytes)


---------------  P R O C E S S  ---------------

Java Threads: ( => current thread )
  0x0000000008226800 JavaThread "Service Thread" daemon [_thread_blocked, id=12296, stack(0x0000000009980000,0x0000000009a80000)]
=>0x0000000008217000 JavaThread "C2 CompilerThread1" daemon [_thread_in_native, id=7344, stack(0x0000000009880000,0x0000000009980000)]
  0x0000000008215000 JavaThread "C2 CompilerThread0" daemon [_thread_blocked, id=11952, stack(0x0000000009780000,0x0000000009880000)]
  0x0000000008214000 JavaThread "Attach Listener" daemon [_thread_blocked, id=13984, stack(0x0000000009680000,0x0000000009780000)]
  0x0000000008211000 JavaThread "Signal Dispatcher" daemon [_thread_blocked, id=4360, stack(0x0000000009580000,0x0000000009680000)]
  0x00000000081df000 JavaThread "Finalizer" daemon [_thread_blocked, id=12420, stack(0x0000000009480000,0x0000000009580000)]
  0x00000000081d3800 JavaThread "Reference Handler" daemon [_thread_blocked, id=12476, stack(0x0000000009380000,0x0000000009480000)]
  0x000000000200e800 JavaThread "main" [_thread_in_Java, id=14012, stack(0x0000000002080000,0x0000000002180000)]

Other Threads:
  0x00000000081d1800 VMThread [stack: 0x0000000009280000,0x0000000009380000] [id=8896]
  0x0000000008230000 WatcherThread [stack: 0x0000000009a80000,0x0000000009b80000] [id=984]

VM state:not at safepoint (normal execution)

VM Mutex/Monitor currently owned by a thread: None

Heap
 PSYoungGen      total 140288K, used 113163K [0x00000000eaa80000, 0x00000000f5d00000, 0x0000000100000000)
  eden space 105984K, 80% used [0x00000000eaa80000,0x00000000efd575c8,0x00000000f1200000)
  from space 34304K, 82% used [0x00000000f3600000,0x00000000f51ab6e8,0x00000000f5780000)
  to   space 36864K, 0% used [0x00000000f1200000,0x00000000f1200000,0x00000000f3600000)
 ParOldGen       total 185344K, used 100775K [0x00000000c0000000, 0x00000000cb500000, 0x00000000eaa80000)
  object space 185344K, 54% used [0x00000000c0000000,0x00000000c6269f18,0x00000000cb500000)
 PSPermGen       total 21504K, used 5719K [0x00000000bae00000, 0x00000000bc300000, 0x00000000c0000000)
  object space 21504K, 26% used [0x00000000bae00000,0x00000000bb395c40,0x00000000bc300000)

Card table byte_map: [0x0000000005440000,0x0000000005670000] byte_map_base: 0x0000000004e69000

Polling page: 0x0000000001fd0000

Code Cache  [0x0000000002380000, 0x0000000002650000, 0x0000000005380000)
 total_blobs=945 nmethods=712 adapters=185 free_code_cache=46390Kb largest_free_block=47447488

Compilation events (10 events):
Event: 40.036 Thread 0x0000000008215000  743             com.android.dx.rop.code.LocalItem::compareTo (32 bytes)
Event: 40.038 Thread 0x0000000008215000 nmethod 743 0x0000000002630850 code [0x00000000026309a0, 0x0000000002630c58]
Event: 40.307 Thread 0x0000000008215000  744             com.android.dx.cf.direct.DirectClassFile::getAccessFlags (9 bytes)
Event: 40.307 Thread 0x0000000008215000 nmethod 744 0x00000000025b1a90 code [0x00000000025b1be0, 0x00000000025b1c68]
Event: 40.308 Thread 0x0000000008215000  745             com.android.dx.cf.direct.DirectClassFile::getAttributes (9 bytes)
Event: 40.308 Thread 0x0000000008215000 nmethod 745 0x0000000002630e50 code [0x0000000002630f80, 0x0000000002630ff8]
Event: 40.439 Thread 0x0000000008215000  746             java.util.DualPivotQuicksort::sort (1195 bytes)
Event: 40.511 Thread 0x0000000008215000 nmethod 746 0x000000000249b450 code [0x000000000249b640, 0x000000000249ce40]
Event: 40.615 Thread 0x0000000008215000  747             com.android.dx.rop.code.LocalItem::compareTo (9 bytes)
Event: 40.618 Thread 0x0000000008215000 nmethod 747 0x00000000026301d0 code [0x0000000002630320, 0x00000000026305f8]

GC Heap History (10 events):
Event: 31.907 GC heap before
{Heap before GC invocations=15 (full 2):
 PSYoungGen      total 100352K, used 95341K [0x00000000eaa80000, 0x00000000f3200000, 0x0000000100000000)
  eden space 73216K, 100% used [0x00000000eaa80000,0x00000000ef200000,0x00000000ef200000)
  from space 27136K, 81% used [0x00000000f0e80000,0x00000000f241b7e0,0x00000000f2900000)
  to   space 29184K, 0% used [0x00000000ef200000,0x00000000ef200000,0x00000000f0e80000)
 ParOldGen       total 100864K, used 68857K [0x00000000c0000000, 0x00000000c6280000, 0x00000000eaa80000)
  object space 100864K, 68% used [0x00000000c0000000,0x00000000c433e458,0x00000000c6280000)
 PSPermGen       total 21504K, used 5703K [0x00000000bae00000, 0x00000000bc300000, 0x00000000c0000000)
  object space 21504K, 26% used [0x00000000bae00000,0x00000000bb391e50,0x00000000bc300000)
Event: 32.219 GC heap after
Heap after GC invocations=15 (full 2):
 PSYoungGen      total 102400K, used 29177K [0x00000000eaa80000, 0x00000000f4780000, 0x0000000100000000)
  eden space 73216K, 0% used [0x00000000eaa80000,0x00000000eaa80000,0x00000000ef200000)
  from space 29184K, 99% used [0x00000000ef200000,0x00000000f0e7e608,0x00000000f0e80000)
  to   space 35328K, 0% used [0x00000000f2500000,0x00000000f2500000,0x00000000f4780000)
 ParOldGen       total 100864K, used 73244K [0x00000000c0000000, 0x00000000c6280000, 0x00000000eaa80000)
  object space 100864K, 72% used [0x00000000c0000000,0x00000000c47871d8,0x00000000c6280000)
 PSPermGen       total 21504K, used 5703K [0x00000000bae00000, 0x00000000bc300000, 0x00000000c0000000)
  object space 21504K, 26% used [0x00000000bae00000,0x00000000bb391e50,0x00000000bc300000)
}
Event: 33.575 GC heap before
{Heap before GC invocations=16 (full 2):
 PSYoungGen      total 102400K, used 102393K [0x00000000eaa80000, 0x00000000f4780000, 0x0000000100000000)
  eden space 73216K, 100% used [0x00000000eaa80000,0x00000000ef200000,0x00000000ef200000)
  from space 29184K, 99% used [0x00000000ef200000,0x00000000f0e7e608,0x00000000f0e80000)
  to   space 35328K, 0% used [0x00000000f2500000,0x00000000f2500000,0x00000000f4780000)
 ParOldGen       total 100864K, used 73244K [0x00000000c0000000, 0x00000000c6280000, 0x00000000eaa80000)
  object space 100864K, 72% used [0x00000000c0000000,0x00000000c47871d8,0x00000000c6280000)
 PSPermGen       total 21504K, used 5705K [0x00000000bae00000, 0x00000000bc300000, 0x00000000c0000000)
  object space 21504K, 26% used [0x00000000bae00000,0x00000000bb392420,0x00000000bc300000)
Event: 33.799 GC heap after
Heap after GC invocations=16 (full 2):
 PSYoungGen      total 124416K, used 22748K [0x00000000eaa80000, 0x00000000f4a00000, 0x0000000100000000)
  eden space 89088K, 0% used [0x00000000eaa80000,0x00000000eaa80000,0x00000000f0180000)
  from space 35328K, 64% used [0x00000000f2500000,0x00000000f3b37338,0x00000000f4780000)
  to   space 36352K, 0% used [0x00000000f0180000,0x00000000f0180000,0x00000000f2500000)
 ParOldGen       total 100864K, used 91282K [0x00000000c0000000, 0x00000000c6280000, 0x00000000eaa80000)
  object space 100864K, 90% used [0x00000000c0000000,0x00000000c5924a38,0x00000000c6280000)
 PSPermGen       total 21504K, used 5705K [0x00000000bae00000, 0x00000000bc300000, 0x00000000c0000000)
  object space 21504K, 26% used [0x00000000bae00000,0x00000000bb392420,0x00000000bc300000)
}
Event: 33.799 GC heap before
{Heap before GC invocations=17 (full 3):
 PSYoungGen      total 124416K, used 22748K [0x00000000eaa80000, 0x00000000f4a00000, 0x0000000100000000)
  eden space 89088K, 0% used [0x00000000eaa80000,0x00000000eaa80000,0x00000000f0180000)
  from space 35328K, 64% used [0x00000000f2500000,0x00000000f3b37338,0x00000000f4780000)
  to   space 36352K, 0% used [0x00000000f0180000,0x00000000f0180000,0x00000000f2500000)
 ParOldGen       total 100864K, used 91282K [0x00000000c0000000, 0x00000000c6280000, 0x00000000eaa80000)
  object space 100864K, 90% used [0x00000000c0000000,0x00000000c5924a38,0x00000000c6280000)
 PSPermGen       total 21504K, used 5705K [0x00000000bae00000, 0x00000000bc300000, 0x00000000c0000000)
  object space 21504K, 26% used [0x00000000bae00000,0x00000000bb392420,0x00000000bc300000)
Event: 35.517 GC heap after
Heap after GC invocations=17 (full 3):
 PSYoungGen      total 124416K, used 4222K [0x00000000eaa80000, 0x00000000f4a00000, 0x0000000100000000)
  eden space 89088K, 0% used [0x00000000eaa80000,0x00000000eaa80000,0x00000000f0180000)
  from space 35328K, 11% used [0x00000000f2500000,0x00000000f291fa38,0x00000000f4780000)
  to   space 36352K, 0% used [0x00000000f0180000,0x00000000f0180000,0x00000000f2500000)
 ParOldGen       total 185344K, used 100775K [0x00000000c0000000, 0x00000000cb500000, 0x00000000eaa80000)
  object space 185344K, 54% used [0x00000000c0000000,0x00000000c6269f18,0x00000000cb500000)
 PSPermGen       total 21504K, used 5704K [0x00000000bae00000, 0x00000000bc300000, 0x00000000c0000000)
  object space 21504K, 26% used [0x00000000bae00000,0x00000000bb3921e0,0x00000000bc300000)
}
Event: 36.836 GC heap before
{Heap before GC invocations=18 (full 3):
 PSYoungGen      total 124416K, used 93310K [0x00000000eaa80000, 0x00000000f4a00000, 0x0000000100000000)
  eden space 89088K, 100% used [0x00000000eaa80000,0x00000000f0180000,0x00000000f0180000)
  from space 35328K, 11% used [0x00000000f2500000,0x00000000f291fa38,0x00000000f4780000)
  to   space 36352K, 0% used [0x00000000f0180000,0x00000000f0180000,0x00000000f2500000)
 ParOldGen       total 185344K, used 100775K [0x00000000c0000000, 0x00000000cb500000, 0x00000000eaa80000)
  object space 185344K, 54% used [0x00000000c0000000,0x00000000c6269f18,0x00000000cb500000)
 PSPermGen       total 21504K, used 5713K [0x00000000bae00000, 0x00000000bc300000, 0x00000000c0000000)
  object space 21504K, 26% used [0x00000000bae00000,0x00000000bb394628,0x00000000bc300000)
Event: 37.028 GC heap after
Heap after GC invocations=18 (full 3):
 PSYoungGen      total 125440K, used 16393K [0x00000000eaa80000, 0x00000000f5780000, 0x0000000100000000)
  eden space 89088K, 0% used [0x00000000eaa80000,0x00000000eaa80000,0x00000000f0180000)
  from space 36352K, 45% used [0x00000000f0180000,0x00000000f11826a0,0x00000000f2500000)
  to   space 34304K, 0% used [0x00000000f3600000,0x00000000f3600000,0x00000000f5780000)
 ParOldGen       total 185344K, used 100775K [0x00000000c0000000, 0x00000000cb500000, 0x00000000eaa80000)
  object space 185344K, 54% used [0x00000000c0000000,0x00000000c6269f18,0x00000000cb500000)
 PSPermGen       total 21504K, used 5713K [0x00000000bae00000, 0x00000000bc300000, 0x00000000c0000000)
  object space 21504K, 26% used [0x00000000bae00000,0x00000000bb394628,0x00000000bc300000)
}
Event: 38.695 GC heap before
{Heap before GC invocations=19 (full 3):
 PSYoungGen      total 125440K, used 105481K [0x00000000eaa80000, 0x00000000f5780000, 0x0000000100000000)
  eden space 89088K, 100% used [0x00000000eaa80000,0x00000000f0180000,0x00000000f0180000)
  from space 36352K, 45% used [0x00000000f0180000,0x00000000f11826a0,0x00000000f2500000)
  to   space 34304K, 0% used [0x00000000f3600000,0x00000000f3600000,0x00000000f5780000)
 ParOldGen       total 185344K, used 100775K [0x00000000c0000000, 0x00000000cb500000, 0x00000000eaa80000)
  object space 185344K, 54% used [0x00000000c0000000,0x00000000c6269f18,0x00000000cb500000)
 PSPermGen       total 21504K, used 5715K [0x00000000bae00000, 0x00000000bc300000, 0x00000000c0000000)
  object space 21504K, 26% used [0x00000000bae00000,0x00000000bb394ff8,0x00000000bc300000)
Event: 38.928 GC heap after
Heap after GC invocations=19 (full 3):
 PSYoungGen      total 140288K, used 28333K [0x00000000eaa80000, 0x00000000f5d00000, 0x0000000100000000)
  eden space 105984K, 0% used [0x00000000eaa80000,0x00000000eaa80000,0x00000000f1200000)
  from space 34304K, 82% used [0x00000000f3600000,0x00000000f51ab6e8,0x00000000f5780000)
  to   space 36864K, 0% used [0x00000000f1200000,0x00000000f1200000,0x00000000f3600000)
 ParOldGen       total 185344K, used 100775K [0x00000000c0000000, 0x00000000cb500000, 0x00000000eaa80000)
  object space 185344K, 54% used [0x00000000c0000000,0x00000000c6269f18,0x00000000cb500000)
 PSPermGen       total 21504K, used 5715K [0x00000000bae00000, 0x00000000bc300000, 0x00000000c0000000)
  object space 21504K, 26% used [0x00000000bae00000,0x00000000bb394ff8,0x00000000bc300000)
}

Deoptimization events (10 events):
Event: 36.615 Thread 0x000000000200e800 Uncommon trap: reason=unreached action=reinterpret pc=0x0000000002456218 method=com.android.dx.rop.code.LocalItem.compareHandlesNulls(Lcom/android/dx/rop/cst/CstString;Lcom/android/dx/rop/cst/CstString;)I @ 14
Event: 36.616 Thread 0x000000000200e800 Uncommon trap: reason=unreached action=reinterpret pc=0x0000000002496f18 method=com.android.dx.rop.code.LocalItem.compareHandlesNulls(Lcom/android/dx/rop/cst/CstString;Lcom/android/dx/rop/cst/CstString;)I @ 14
Event: 36.616 Thread 0x000000000200e800 Uncommon trap: reason=unreached action=reinterpret pc=0x00000000024c6ca0 method=com.android.dx.rop.code.LocalItem.compareHandlesNulls(Lcom/android/dx/rop/cst/CstString;Lcom/android/dx/rop/cst/CstString;)I @ 14
Event: 36.616 Thread 0x000000000200e800 Uncommon trap: reason=unreached action=reinterpret pc=0x00000000025af2f8 method=com.android.dx.rop.code.LocalItem.compareHandlesNulls(Lcom/android/dx/rop/cst/CstString;Lcom/android/dx/rop/cst/CstString;)I @ 14
Event: 36.616 Thread 0x000000000200e800 Uncommon trap: reason=unreached action=reinterpret pc=0x00000000024688a4 method=com.android.dx.rop.code.LocalItem.compareHandlesNulls(Lcom/android/dx/rop/cst/CstString;Lcom/android/dx/rop/cst/CstString;)I @ 14
Event: 36.819 Thread 0x000000000200e800 Uncommon trap: reason=bimorphic action=maybe_recompile pc=0x0000000002606c9c method=com.android.dx.cf.code.BytecodeArray.parseInstruction(ILcom/android/dx/cf/code/BytecodeArray$Visitor;)I @ 987
Event: 36.820 Thread 0x000000000200e800 Uncommon trap: reason=bimorphic action=maybe_recompile pc=0x0000000002606c9c method=com.android.dx.cf.code.BytecodeArray.parseInstruction(ILcom/android/dx/cf/code/BytecodeArray$Visitor;)I @ 987
Event: 36.820 Thread 0x000000000200e800 Uncommon trap: reason=unreached action=reinterpret pc=0x00000000025e53ec method=com.android.dx.cf.code.RopperMachine.run(Lcom/android/dx/cf/code/Frame;II)V @ 1500
Event: 38.202 Thread 0x000000000200e800 Uncommon trap: reason=class_check action=maybe_recompile pc=0x00000000024ffadc method=com.android.dx.rop.code.Insn.equalsHandleNulls(Ljava/lang/Object;Ljava/lang/Object;)Z @ 11
Event: 40.538 Thread 0x000000000200e800 Uncommon trap: reason=range_check action=make_not_entrant pc=0x000000000249c604 method=java.util.DualPivotQuicksort.sort([IIIZ)V @ 56

Internal exceptions (10 events):
Event: 12.163 Thread 0x000000000200e800 Implicit null exception at 0x000000000251d640 to 0x000000000251f71d
Event: 17.851 Thread 0x000000000200e800 Implicit null exception at 0x000000000240c00b to 0x000000000240c20a
Event: 19.010 Thread 0x000000000200e800 Threw 0x00000000ee654ee0 at C:\jdk7u2_64p\jdk7u40\hotspot\src\share\vm\prims\jvm.cpp:1244
Event: 24.791 Thread 0x000000000200e800 Threw 0x00000000ec6cb378 at C:\jdk7u2_64p\jdk7u40\hotspot\src\share\vm\prims\jvm.cpp:1244
Event: 36.615 Thread 0x000000000200e800 Implicit null exception at 0x000000000257ed67 to 0x000000000257eea9
Event: 36.615 Thread 0x000000000200e800 Implicit null exception at 0x000000000245547b to 0x0000000002456209
Event: 36.616 Thread 0x000000000200e800 Implicit null exception at 0x00000000024960af to 0x0000000002496ef5
Event: 36.616 Thread 0x000000000200e800 Implicit null exception at 0x00000000024c6a41 to 0x00000000024c6c8d
Event: 36.616 Thread 0x000000000200e800 Implicit null exception at 0x00000000025af0ad to 0x00000000025af2e5
Event: 36.616 Thread 0x000000000200e800 Implicit null exception at 0x0000000002467a8b to 0x0000000002468885

Events (10 events):
Event: 37.028 Executing VM operation: ParallelGCFailedAllocation done
Event: 38.202 Thread 0x000000000200e800 Uncommon trap: trap_request=0xffffffde fr.pc=0x00000000024ffadc
Event: 38.202 Thread 0x000000000200e800 DEOPT PACKING pc=0x00000000024ffadc sp=0x000000000217e5d0
Event: 38.202 Thread 0x000000000200e800 DEOPT UNPACKING pc=0x00000000023b75a4 sp=0x000000000217e580 mode 2
Event: 38.695 Executing VM operation: ParallelGCFailedAllocation
Event: 38.928 Executing VM operation: ParallelGCFailedAllocation done
Event: 39.974 Thread 0x0000000008215000 flushing nmethod 0x0000000002498910
Event: 40.538 Thread 0x000000000200e800 Uncommon trap: trap_request=0xffffffe4 fr.pc=0x000000000249c604
Event: 40.538 Thread 0x000000000200e800 DEOPT PACKING pc=0x000000000249c604 sp=0x000000000217e3e0
Event: 40.538 Thread 0x000000000200e800 DEOPT UNPACKING pc=0x00000000023b75a4 sp=0x000000000217e348 mode 2


Dynamic libraries:
0x00007ff6f1400000 - 0x00007ff6f1433000 	C:\Program Files\Java\jdk1.7.0_40\bin\java.exe
0x00007ffad3bf0000 - 0x00007ffad3db1000 	C:\WINDOWS\SYSTEM32\ntdll.dll
0x00007ffad1c20000 - 0x00007ffad1ccd000 	C:\WINDOWS\system32\KERNEL32.DLL
0x00007ffad10e0000 - 0x00007ffad12bd000 	C:\WINDOWS\system32\KERNELBASE.dll
0x00007ffad38c0000 - 0x00007ffad3966000 	C:\WINDOWS\system32\ADVAPI32.dll
0x00007ffad1490000 - 0x00007ffad152d000 	C:\WINDOWS\system32\msvcrt.dll
0x00007ffad3860000 - 0x00007ffad38bb000 	C:\WINDOWS\system32\sechost.dll
0x00007ffad1f00000 - 0x00007ffad2026000 	C:\WINDOWS\system32\RPCRT4.dll
0x00007ffad19e0000 - 0x00007ffad1b2e000 	C:\WINDOWS\system32\USER32.dll
0x00007ffad1850000 - 0x00007ffad19d6000 	C:\WINDOWS\system32\GDI32.dll
0x00007ffacf460000 - 0x00007ffacf6d4000 	C:\WINDOWS\WinSxS\amd64_microsoft.windows.common-controls_6595b64144ccf1df_6.0.10240.16384_none_f41f7b285750ef43\COMCTL32.dll
0x00007ffad1680000 - 0x00007ffad16b6000 	C:\WINDOWS\system32\IMM32.DLL
0x00007ffad1d90000 - 0x00007ffad1eec000 	C:\WINDOWS\system32\MSCTF.dll
0x0000000063d30000 - 0x0000000063e01000 	C:\Program Files\Java\jdk1.7.0_40\jre\bin\msvcr100.dll
0x00000000641b0000 - 0x0000000064979000 	C:\Program Files\Java\jdk1.7.0_40\jre\bin\server\jvm.dll
0x00007ffad3850000 - 0x00007ffad3858000 	C:\WINDOWS\system32\PSAPI.DLL
0x00007ffac59c0000 - 0x00007ffac59c9000 	C:\WINDOWS\SYSTEM32\WSOCK32.dll
0x00007ffad1bb0000 - 0x00007ffad1c19000 	C:\WINDOWS\system32\WS2_32.dll
0x00007ffad1ef0000 - 0x00007ffad1ef8000 	C:\WINDOWS\system32\NSI.dll
0x00007fface1c0000 - 0x00007fface1e3000 	C:\WINDOWS\SYSTEM32\WINMM.dll
0x00007fface190000 - 0x00007fface1bc000 	C:\WINDOWS\SYSTEM32\WINMMBASE.dll
0x00007ffad09b0000 - 0x00007ffad09f4000 	C:\WINDOWS\system32\cfgmgr32.dll
0x00007fface9e0000 - 0x00007ffacea07000 	C:\WINDOWS\SYSTEM32\DEVOBJ.dll
0x00000000641a0000 - 0x00000000641af000 	C:\Program Files\Java\jdk1.7.0_40\jre\bin\verify.dll
0x0000000064170000 - 0x0000000064198000 	C:\Program Files\Java\jdk1.7.0_40\jre\bin\java.dll
0x0000000064150000 - 0x0000000064165000 	C:\Program Files\Java\jdk1.7.0_40\jre\bin\zip.dll
0x0000000064130000 - 0x0000000064149000 	C:\Program Files\Java\jdk1.7.0_40\jre\bin\net.dll
0x00007ffacfe90000 - 0x00007ffacfeed000 	C:\WINDOWS\system32\mswsock.dll
0x0000000064110000 - 0x0000000064121000 	C:\Program Files\Java\jdk1.7.0_40\jre\bin\nio.dll

VM Arguments:
jvm_args: -Xmx1024M -Dfile.encoding=windows-1250 -Duser.country=SK -Duser.language=sk -Duser.variant 
java_command: com.android.dx.command.Main --dex --output C:\Users\Juraj\OneDrive\Dokumenty\School\Software Engineering II\SmartHouse\app\build\intermediates\pre-dexed\debug\org.eclipse.persistence.core-2.6.0-0902e1ec63735ce88895a42440340dc010a38403.jar C:\Users\Juraj\.gradle\caches\modules-2\files-2.1\org.eclipse.persistence\org.eclipse.persistence.core\2.6.0\af94a15960b85492f89aabaa23deb6465ffc4a38\org.eclipse.persistence.core-2.6.0.jar
Launcher Type: SUN_STANDARD

Environment Variables:
JAVA_HOME=C:\Program Files\Java\jdk1.7.0_40
PATH=C:\ProgramData\Oracle\Java\javapath;C:\Program Files (x86)\ActiveState Komodo Edit 9 nightly\;C:\Program Files (x86)\Common Files\Intel\Shared Files\cpp\bin\Intel64;C:\PROGRAM FILES (X86)\INTEL\ICLS CLIENT\;C:\PROGRAM FILES\INTEL\ICLS CLIENT\;C:\WINDOWS\SYSTEM32;C:\WINDOWS;C:\WINDOWS\SYSTEM32\WBEM;C:\WINDOWS\SYSTEM32\WINDOWSPOWERSHELL\V1.0\;C:\PROGRAM FILES\INTEL\INTEL(R) MANAGEMENT ENGINE COMPONENTS\DAL;C:\PROGRAM FILES\INTEL\INTEL(R) MANAGEMENT ENGINE COMPONENTS\IPT;C:\PROGRAM FILES (X86)\INTEL\INTEL(R) MANAGEMENT ENGINE COMPONENTS\DAL;C:\PROGRAM FILES (X86)\INTEL\INTEL(R) MANAGEMENT ENGINE COMPONENTS\IPT;C:\PROGRAM FILES (X86)\INTEL\OPENCL SDK\2.0\BIN\X86;C:\PROGRAM FILES (X86)\INTEL\OPENCL SDK\2.0\BIN\X64;C:\PROGRAMDATA\LENOVO\READYAPPS;C:\PROGRAM FILES\INTEL\WIFI\BIN\;C:\PROGRAM FILES\COMMON FILES\INTEL\WIRELESSCOMMON\;C:/USERS/JURAJ/DESKTOP/SDK/TOOLS;C:\USERS\JURAJ\DESKTOP\APACHE-ANT-1.9.4\BIN;C:\PROGRAM FILES (X86)\COMMON FILES\LENOVO\EASYPLUSSDK\BIN;C:\Program Files\ThinkPad\Bluetooth Software\;C:\Program Files\ThinkPad\Bluetooth Software\syswow64;C:\Program Files (x86)\Windows Live\Shared;C:\Program Files (x86)\Tupi\lib;C:\Program Files (x86)\Tupi\lib\qt5;C:\Program Files (x86)\Tupi\lib\libav;C:\Program Files\Microsoft\Web Platform Installer\;C:\Program Files\gs\gs9.15\bin;C:\Program Files\gs\gs9.15\lib;C:\Program Files\Mercurial\;C:\WINDOWS\system32;C:\WINDOWS;C:\WINDOWS\System32\Wbem;C:\WINDOWS\System32\WindowsPowerShell\v1.0\;C:\Program Files (x86)\Skype\Phone\;C:\Program Files (x86)\MySQL\MySQL Fabric 1.5 & MySQL Utilities 1.5\;C:\Program Files (x86)\MySQL\MySQL Fabric 1.5 & MySQL Utilities 1.5\Doctrine extensions for PHP\;C:\Program Files\Intel\WiFi\bin\;C:\Program Files\Common Files\Intel\WirelessCommon\;C:\Users\Juraj\GRADLE_HOME/bin;C:/Program Files (x86)/adt-bundle-windows-x86_64-20131030/sdk/sources/android-19/com/android/commands;C:/Program Files/Java/jdk1.7.0_40/bin;C:/Users/Juraj/Desktop/sdk/tools;C:\Users\Juraj\Desktop\apache-ant-1.9.4\bin;
USERNAME=Juraj
OS=Windows_NT
PROCESSOR_IDENTIFIER=Intel64 Family 6 Model 58 Stepping 9, GenuineIntel



---------------  S Y S T E M  ---------------

OS: Windows 8 , 64 bit Build 9200 

CPU:total 4 (2 cores per cpu, 2 threads per core) family 6 model 58 stepping 9, cmov, cx8, fxsr, mmx, sse, sse2, sse3, ssse3, sse4.1, sse4.2, popcnt, avx, aes, erms, ht, tsc, tscinvbit, tscinv

Memory: 4k page, physical 4008860k(308360k free), swap 8814892k(6520k free)

vm_info: Java HotSpot(TM) 64-Bit Server VM (24.0-b56) for windows-amd64 JRE (1.7.0_40-b43), built on Aug 26 2013 22:38:32 by "java_re" with unknown MS VC++:1600

time: Sun Nov 15 18:20:45 2015
elapsed time: 40 seconds

