#
# There is insufficient memory for the Java Runtime Environment to continue.
# Native memory allocation (malloc) failed to allocate 138112 bytes for Chunk::new
# Possible reasons:
#   The system is out of physical RAM or swap space
#   In 32 bit mode, the process size limit was hit
# Possible solutions:
#   Reduce memory load on the system
#   Increase physical memory or swap space
#   Check if swap backing store is full
#   Use 64 bit Java on a 64 bit OS
#   Decrease Java heap size (-Xmx/-Xms)
#   Decrease number of Java threads
#   Decrease Java thread stack sizes (-Xss)
#   Set larger code cache with -XX:ReservedCodeCacheSize=
# This output file may be truncated or incomplete.
#
#  Out of Memory Error (allocation.cpp:323), pid=3712, tid=11056
#
# JRE version: Java(TM) SE Runtime Environment (7.0_40-b43) (build 1.7.0_40-b43)
# Java VM: Java HotSpot(TM) 64-Bit Server VM (24.0-b56 mixed mode windows-amd64 compressed oops)
# Failed to write core dump. Minidumps are not enabled by default on client versions of Windows
#

---------------  T H R E A D  ---------------

Current thread (0x0000000008935000):  JavaThread "C2 CompilerThread0" daemon [_thread_in_native, id=11056, stack(0x0000000009ea0000,0x0000000009fa0000)]

Stack: [0x0000000009ea0000,0x0000000009fa0000]
[error occurred during error reporting (printing stack bounds), id 0xc0000005]


[error occurred during error reporting (printing native stack), id 0xc0000005]


Current CompileTask:
C2:  25329  719             com.android.dx.dex.code.StdCatchBuilder::build (262 bytes)


---------------  P R O C E S S  ---------------

Java Threads: ( => current thread )
  0x0000000008945800 JavaThread "Service Thread" daemon [_thread_blocked, id=9104, stack(0x000000000a0a0000,0x000000000a1a0000)]
  0x0000000008940800 JavaThread "C2 CompilerThread1" daemon [_thread_in_native, id=4952, stack(0x0000000009fa0000,0x000000000a0a0000)]
=>0x0000000008935000 JavaThread "C2 CompilerThread0" daemon [_thread_in_native, id=11056, stack(0x0000000009ea0000,0x0000000009fa0000)]
  0x0000000008934000 JavaThread "Attach Listener" daemon [_thread_blocked, id=13812, stack(0x0000000009da0000,0x0000000009ea0000)]
  0x0000000008930800 JavaThread "Signal Dispatcher" daemon [_thread_blocked, id=10324, stack(0x0000000009ca0000,0x0000000009da0000)]
  0x00000000088fe800 JavaThread "Finalizer" daemon [_thread_blocked, id=13620, stack(0x0000000009ba0000,0x0000000009ca0000)]
  0x00000000088f5800 JavaThread "Reference Handler" daemon [_thread_blocked, id=14076, stack(0x0000000009aa0000,0x0000000009ba0000)]
  0x000000000272e800 JavaThread "main" [_thread_in_Java, id=8248, stack(0x00000000027a0000,0x00000000028a0000)]

Other Threads:
  0x00000000088f1800 VMThread [stack: 0x00000000099a0000,0x0000000009aa0000] [id=2600]
  0x0000000008953800 WatcherThread [stack: 0x000000000a1a0000,0x000000000a2a0000] [id=11980]

VM state:not at safepoint (normal execution)

VM Mutex/Monitor currently owned by a thread: None

Heap
 PSYoungGen      total 80896K, used 23630K [0x00000000eaa80000, 0x00000000f1280000, 0x0000000100000000)
  eden space 60928K, 6% used [0x00000000eaa80000,0x00000000eae16780,0x00000000ee600000)
  from space 19968K, 99% used [0x00000000ee600000,0x00000000ef97d1a8,0x00000000ef980000)
  to   space 17920K, 0% used [0x00000000ef980000,0x00000000ef980000,0x00000000f0b00000)
 ParOldGen       total 77312K, used 44589K [0x00000000c0000000, 0x00000000c4b80000, 0x00000000eaa80000)
  object space 77312K, 57% used [0x00000000c0000000,0x00000000c2b8b7a0,0x00000000c4b80000)
 PSPermGen       total 21504K, used 5917K [0x00000000bae00000, 0x00000000bc300000, 0x00000000c0000000)
  object space 21504K, 27% used [0x00000000bae00000,0x00000000bb3c74a8,0x00000000bc300000)

Card table byte_map: [0x0000000005b60000,0x0000000005d90000] byte_map_base: 0x0000000005589000

Polling page: 0x0000000000ee0000

Code Cache  [0x0000000002aa0000, 0x0000000002d40000, 0x0000000005aa0000)
 total_blobs=933 nmethods=700 adapters=185 free_code_cache=46592Kb largest_free_block=47640832

Compilation events (10 events):
Event: 25.280 Thread 0x0000000008940800  720             com.android.dx.dex.code.FixedSizeInsn::codeSize (11 bytes)
Event: 25.280 Thread 0x0000000008940800 nmethod 720 0x0000000002ce6690 code [0x0000000002ce67e0, 0x0000000002ce6858]
Event: 25.281 Thread 0x0000000008940800  721             com.android.dx.rop.code.BasicBlock::canThrow (11 bytes)
Event: 25.283 Thread 0x0000000008940800 nmethod 721 0x0000000002ce6150 code [0x0000000002ce62a0, 0x0000000002ce63d8]
Event: 25.287 Thread 0x0000000008940800  722             com.android.dx.dex.file.IndexedItem::getIndex (22 bytes)
Event: 25.287 Thread 0x0000000008940800 nmethod 722 0x0000000002cafb50 code [0x0000000002cafc80, 0x0000000002cafcd8]
Event: 25.291 Thread 0x0000000008940800  723             com.android.dx.dex.code.InsnFormat::unsignedFitsInNibble (14 bytes)
Event: 25.291 Thread 0x0000000008940800 nmethod 723 0x0000000002ce5f50 code [0x0000000002ce6080, 0x0000000002ce60d8]
Event: 25.294 Thread 0x0000000008940800  724             com.android.dx.dex.file.CodeItem$1::getIndex (20 bytes)
Event: 25.301 Thread 0x0000000008940800 nmethod 724 0x0000000002ce00d0 code [0x0000000002ce0280, 0x0000000002ce05f0]

GC Heap History (10 events):
Event: 18.328 GC heap before
{Heap before GC invocations=8 (full 0):
 PSYoungGen      total 71168K, used 71155K [0x00000000eaa80000, 0x00000000ef980000, 0x0000000100000000)
  eden space 62464K, 100% used [0x00000000eaa80000,0x00000000ee780000,0x00000000ee780000)
  from space 8704K, 99% used [0x00000000ee780000,0x00000000eeffcc20,0x00000000ef000000)
  to   space 7680K, 0% used [0x00000000ef000000,0x00000000ef000000,0x00000000ef780000)
 ParOldGen       total 41472K, used 22204K [0x00000000c0000000, 0x00000000c2880000, 0x00000000eaa80000)
  object space 41472K, 53% used [0x00000000c0000000,0x00000000c15af3f8,0x00000000c2880000)
 PSPermGen       total 21504K, used 5668K [0x00000000bae00000, 0x00000000bc300000, 0x00000000c0000000)
  object space 21504K, 26% used [0x00000000bae00000,0x00000000bb389310,0x00000000bc300000)
Event: 18.421 GC heap after
Heap after GC invocations=8 (full 0):
 PSYoungGen      total 59904K, used 7650K [0x00000000eaa80000, 0x00000000f4980000, 0x0000000100000000)
  eden space 52224K, 0% used [0x00000000eaa80000,0x00000000eaa80000,0x00000000edd80000)
  from space 7680K, 99% used [0x00000000ef000000,0x00000000ef778b70,0x00000000ef780000)
  to   space 18944K, 0% used [0x00000000edd80000,0x00000000edd80000,0x00000000ef000000)
 ParOldGen       total 41472K, used 34420K [0x00000000c0000000, 0x00000000c2880000, 0x00000000eaa80000)
  object space 41472K, 82% used [0x00000000c0000000,0x00000000c219d370,0x00000000c2880000)
 PSPermGen       total 21504K, used 5668K [0x00000000bae00000, 0x00000000bc300000, 0x00000000c0000000)
  object space 21504K, 26% used [0x00000000bae00000,0x00000000bb389310,0x00000000bc300000)
}
Event: 18.421 GC heap before
{Heap before GC invocations=9 (full 1):
 PSYoungGen      total 59904K, used 7650K [0x00000000eaa80000, 0x00000000f4980000, 0x0000000100000000)
  eden space 52224K, 0% used [0x00000000eaa80000,0x00000000eaa80000,0x00000000edd80000)
  from space 7680K, 99% used [0x00000000ef000000,0x00000000ef778b70,0x00000000ef780000)
  to   space 18944K, 0% used [0x00000000edd80000,0x00000000edd80000,0x00000000ef000000)
 ParOldGen       total 41472K, used 34420K [0x00000000c0000000, 0x00000000c2880000, 0x00000000eaa80000)
  object space 41472K, 82% used [0x00000000c0000000,0x00000000c219d370,0x00000000c2880000)
 PSPermGen       total 21504K, used 5668K [0x00000000bae00000, 0x00000000bc300000, 0x00000000c0000000)
  object space 21504K, 26% used [0x00000000bae00000,0x00000000bb389310,0x00000000bc300000)
Event: 19.956 GC heap after
Heap after GC invocations=9 (full 1):
 PSYoungGen      total 59904K, used 0K [0x00000000eaa80000, 0x00000000f4980000, 0x0000000100000000)
  eden space 52224K, 0% used [0x00000000eaa80000,0x00000000eaa80000,0x00000000edd80000)
  from space 7680K, 0% used [0x00000000ef000000,0x00000000ef000000,0x00000000ef780000)
  to   space 18944K, 0% used [0x00000000edd80000,0x00000000edd80000,0x00000000ef000000)
 ParOldGen       total 77312K, used 39116K [0x00000000c0000000, 0x00000000c4b80000, 0x00000000eaa80000)
  object space 77312K, 50% used [0x00000000c0000000,0x00000000c2633380,0x00000000c4b80000)
 PSPermGen       total 21504K, used 5662K [0x00000000bae00000, 0x00000000bc300000, 0x00000000c0000000)
  object space 21504K, 26% used [0x00000000bae00000,0x00000000bb387898,0x00000000bc300000)
}
Event: 21.286 GC heap before
{Heap before GC invocations=10 (full 1):
 PSYoungGen      total 59904K, used 52224K [0x00000000eaa80000, 0x00000000f4980000, 0x0000000100000000)
  eden space 52224K, 100% used [0x00000000eaa80000,0x00000000edd80000,0x00000000edd80000)
  from space 7680K, 0% used [0x00000000ef000000,0x00000000ef000000,0x00000000ef780000)
  to   space 18944K, 0% used [0x00000000edd80000,0x00000000edd80000,0x00000000ef000000)
 ParOldGen       total 77312K, used 39116K [0x00000000c0000000, 0x00000000c4b80000, 0x00000000eaa80000)
  object space 77312K, 50% used [0x00000000c0000000,0x00000000c2633380,0x00000000c4b80000)
 PSPermGen       total 21504K, used 5704K [0x00000000bae00000, 0x00000000bc300000, 0x00000000c0000000)
  object space 21504K, 26% used [0x00000000bae00000,0x00000000bb392150,0x00000000bc300000)
Event: 21.392 GC heap after
Heap after GC invocations=10 (full 1):
 PSYoungGen      total 71168K, used 8448K [0x00000000eaa80000, 0x00000000f0b00000, 0x0000000100000000)
  eden space 52224K, 0% used [0x00000000eaa80000,0x00000000eaa80000,0x00000000edd80000)
  from space 18944K, 44% used [0x00000000edd80000,0x00000000ee5c0000,0x00000000ef000000)
  to   space 17920K, 0% used [0x00000000ef980000,0x00000000ef980000,0x00000000f0b00000)
 ParOldGen       total 77312K, used 39116K [0x00000000c0000000, 0x00000000c4b80000, 0x00000000eaa80000)
  object space 77312K, 50% used [0x00000000c0000000,0x00000000c2633380,0x00000000c4b80000)
 PSPermGen       total 21504K, used 5704K [0x00000000bae00000, 0x00000000bc300000, 0x00000000c0000000)
  object space 21504K, 26% used [0x00000000bae00000,0x00000000bb392150,0x00000000bc300000)
}
Event: 22.362 GC heap before
{Heap before GC invocations=11 (full 1):
 PSYoungGen      total 71168K, used 60672K [0x00000000eaa80000, 0x00000000f0b00000, 0x0000000100000000)
  eden space 52224K, 100% used [0x00000000eaa80000,0x00000000edd80000,0x00000000edd80000)
  from space 18944K, 44% used [0x00000000edd80000,0x00000000ee5c0000,0x00000000ef000000)
  to   space 17920K, 0% used [0x00000000ef980000,0x00000000ef980000,0x00000000f0b00000)
 ParOldGen       total 77312K, used 39116K [0x00000000c0000000, 0x00000000c4b80000, 0x00000000eaa80000)
  object space 77312K, 50% used [0x00000000c0000000,0x00000000c2633380,0x00000000c4b80000)
 PSPermGen       total 21504K, used 5718K [0x00000000bae00000, 0x00000000bc300000, 0x00000000c0000000)
  object space 21504K, 26% used [0x00000000bae00000,0x00000000bb3958e0,0x00000000bc300000)
Event: 22.507 GC heap after
Heap after GC invocations=11 (full 1):
 PSYoungGen      total 78848K, used 16083K [0x00000000eaa80000, 0x00000000f1280000, 0x0000000100000000)
  eden space 60928K, 0% used [0x00000000eaa80000,0x00000000eaa80000,0x00000000ee600000)
  from space 17920K, 89% used [0x00000000ef980000,0x00000000f0934c98,0x00000000f0b00000)
  to   space 19968K, 0% used [0x00000000ee600000,0x00000000ee600000,0x00000000ef980000)
 ParOldGen       total 77312K, used 39116K [0x00000000c0000000, 0x00000000c4b80000, 0x00000000eaa80000)
  object space 77312K, 50% used [0x00000000c0000000,0x00000000c2633380,0x00000000c4b80000)
 PSPermGen       total 21504K, used 5718K [0x00000000bae00000, 0x00000000bc300000, 0x00000000c0000000)
  object space 21504K, 26% used [0x00000000bae00000,0x00000000bb3958e0,0x00000000bc300000)
}
Event: 24.691 GC heap before
{Heap before GC invocations=12 (full 1):
 PSYoungGen      total 78848K, used 77011K [0x00000000eaa80000, 0x00000000f1280000, 0x0000000100000000)
  eden space 60928K, 100% used [0x00000000eaa80000,0x00000000ee600000,0x00000000ee600000)
  from space 17920K, 89% used [0x00000000ef980000,0x00000000f0934c98,0x00000000f0b00000)
  to   space 19968K, 0% used [0x00000000ee600000,0x00000000ee600000,0x00000000ef980000)
 ParOldGen       total 77312K, used 39116K [0x00000000c0000000, 0x00000000c4b80000, 0x00000000eaa80000)
  object space 77312K, 50% used [0x00000000c0000000,0x00000000c2633380,0x00000000c4b80000)
 PSPermGen       total 21504K, used 5797K [0x00000000bae00000, 0x00000000bc300000, 0x00000000c0000000)
  object space 21504K, 26% used [0x00000000bae00000,0x00000000bb3a9628,0x00000000bc300000)
Event: 24.794 GC heap after
Heap after GC invocations=12 (full 1):
 PSYoungGen      total 80896K, used 19956K [0x00000000eaa80000, 0x00000000f1280000, 0x0000000100000000)
  eden space 60928K, 0% used [0x00000000eaa80000,0x00000000eaa80000,0x00000000ee600000)
  from space 19968K, 99% used [0x00000000ee600000,0x00000000ef97d1a8,0x00000000ef980000)
  to   space 17920K, 0% used [0x00000000ef980000,0x00000000ef980000,0x00000000f0b00000)
 ParOldGen       total 77312K, used 44589K [0x00000000c0000000, 0x00000000c4b80000, 0x00000000eaa80000)
  object space 77312K, 57% used [0x00000000c0000000,0x00000000c2b8b7a0,0x00000000c4b80000)
 PSPermGen       total 21504K, used 5797K [0x00000000bae00000, 0x00000000bc300000, 0x00000000c0000000)
  object space 21504K, 26% used [0x00000000bae00000,0x00000000bb3a9628,0x00000000bc300000)
}

Deoptimization events (10 events):
Event: 17.697 Thread 0x000000000272e800 Uncommon trap: reason=unreached action=reinterpret pc=0x0000000002bb5fe4 method=com.android.dx.cf.direct.StdAttributeFactory.parse0(Lcom/android/dx/cf/direct/DirectClassFile;ILjava/lang/String;IILcom/android/dx/cf/iface/ParseObserver;)Lcom/android/dx/cf/ifäkCTœ4@
Event: 20.610 Thread 0x000000000272e800 Uncommon trap: reason=class_check action=maybe_recompile pc=0x0000000002cfbfac method=com.android.dx.cf.code.BytecodeArray.parseInstruction(ILcom/android/dx/cf/code/BytecodeArray$Visitor;)I @ 2267
Event: 20.793 Thread 0x000000000272e800 Uncommon trap: reason=class_check action=maybe_recompile pc=0x0000000002cfbfac method=com.android.dx.cf.code.BytecodeArray.parseInstruction(ILcom/android/dx/cf/code/BytecodeArray$Visitor;)I @ 2267
Event: 20.793 Thread 0x000000000272e800 Uncommon trap: reason=class_check action=maybe_recompile pc=0x0000000002cfbfac method=com.android.dx.cf.code.BytecodeArray.parseInstruction(ILcom/android/dx/cf/code/BytecodeArray$Visitor;)I @ 2267
Event: 21.230 Thread 0x000000000272e800 Uncommon trap: reason=class_check action=maybe_recompile pc=0x0000000002cfbfac method=com.android.dx.cf.code.BytecodeArray.parseInstruction(ILcom/android/dx/cf/code/BytecodeArray$Visitor;)I @ 2267
Event: 22.852 Thread 0x000000000272e800 Uncommon trap: reason=unreached action=reinterpret pc=0x0000000002c1a8ec method=com.android.dx.rop.code.LocalItem.compareHandlesNulls(Lcom/android/dx/rop/cst/CstString;Lcom/android/dx/rop/cst/CstString;)I @ 14
Event: 22.852 Thread 0x000000000272e800 Uncommon trap: reason=unreached action=reinterpret pc=0x0000000002b94f40 method=com.android.dx.rop.code.LocalItem.compareHandlesNulls(Lcom/android/dx/rop/cst/CstString;Lcom/android/dx/rop/cst/CstString;)I @ 14
Event: 23.125 Thread 0x000000000272e800 Uncommon trap: reason=unreached action=reinterpret pc=0x0000000002b4d17c method=com.android.dx.rop.code.LocalItem.compareHandlesNulls(Lcom/android/dx/rop/cst/CstString;Lcom/android/dx/rop/cst/CstString;)I @ 14
Event: 24.488 Thread 0x000000000272e800 Uncommon trap: reason=unreached action=reinterpret pc=0x0000000002cb9424 method=com.android.dx.dex.file.DexFile.internIfAppropriate(Lcom/android/dx/rop/cst/Constant;)V @ 92
Event: 24.933 Thread 0x000000000272e800 Uncommon trap: reason=predicate action=maybe_recompile pc=0x0000000002b7464c method=java.util.ComparableTimSort.binarySort([Ljava/lang/Object;III)V @ 37

Internal exceptions (10 events):
Event: 24.884 Thread 0x000000000272e800 Threw 0x00000000eab9f318 at C:\jdk7u2_64p\jdk7u40\hotspot\src\share\vm\prims\jvm.cpp:1244
Event: 24.885 Thread 0x000000000272e800 Threw 0x00000000eaba45d0 at C:\jdk7u2_64p\jdk7u40\hotspot\src\share\vm\prims\jvm.cpp:1244
Event: 24.886 Thread 0x000000000272e800 Threw 0x00000000eabaac30 at C:\jdk7u2_64p\jdk7u40\hotspot\src\share\vm\prims\jvm.cpp:1244
Event: 24.887 Thread 0x000000000272e800 Threw 0x00000000eabadc40 at C:\jdk7u2_64p\jdk7u40\hotspot\src\share\vm\prims\jvm.cpp:1244
Event: 24.888 Thread 0x000000000272e800 Threw 0x00000000eabb3600 at C:\jdk7u2_64p\jdk7u40\hotspot\src\share\vm\prims\jvm.cpp:1244
Event: 24.899 Thread 0x000000000272e800 Threw 0x00000000eabb7dd0 at C:\jdk7u2_64p\jdk7u40\hotspot\src\share\vm\prims\jvm.cpp:1244
Event: 24.934 Thread 0x000000000272e800 Threw 0x00000000eabd5148 at C:\jdk7u2_64p\jdk7u40\hotspot\src\share\vm\prims\jvm.cpp:1244
Event: 24.935 Thread 0x000000000272e800 Threw 0x00000000eabd85d8 at C:\jdk7u2_64p\jdk7u40\hotspot\src\share\vm\prims\jvm.cpp:1244
Event: 24.936 Thread 0x000000000272e800 Threw 0x00000000eabdbbd8 at C:\jdk7u2_64p\jdk7u40\hotspot\src\share\vm\prims\jvm.cpp:1244
Event: 24.990 Thread 0x000000000272e800 Threw 0x00000000eabfcc18 at C:\jdk7u2_64p\jdk7u40\hotspot\src\share\vm\prims\jvm.cpp:1244

Events (10 events):
Event: 24.933 Thread 0x000000000272e800 DEOPT PACKING pc=0x0000000002b7464c sp=0x000000000289ea50
Event: 24.933 Thread 0x000000000272e800 DEOPT UNPACKING pc=0x0000000002ad75a4 sp=0x000000000289ea30 mode 2
Event: 24.934 loading class 0x000000000a491c70
Event: 24.934 loading class 0x000000000a491c70 done
Event: 24.935 loading class 0x000000000a48e670
Event: 24.935 loading class 0x000000000a48e670 done
Event: 24.936 loading class 0x000000000899f1d0
Event: 24.936 loading class 0x000000000899f1d0 done
Event: 24.990 loading class 0x000000000a452a40
Event: 24.990 loading class 0x000000000a452a40 done


Dynamic libraries:
0x00007ff6f1400000 - 0x00007ff6f1433000 	C:\Program Files\Java\jdk1.7.0_40\bin\java.exe
0x00007ffad3bf0000 - 0x00007ffad3db1000 	C:\WINDOWS\SYSTEM32\ntdll.dll
0x00007ffad1c20000 - 0x00007ffad1ccd000 	C:\WINDOWS\system32\KERNEL32.DLL
0x00007ffad10e0000 - 0x00007ffad12bd000 	C:\WINDOWS\system32\KERNELBASE.dll
0x00007ffad38c0000 - 0x00007ffad3966000 	C:\WINDOWS\system32\ADVAPI32.dll
0x00007ffad1490000 - 0x00007ffad152d000 	C:\WINDOWS\system32\msvcrt.dll
0x00007ffad3860000 - 0x00007ffad38bb000 	C:\WINDOWS\system32\sechost.dll
0x00007ffad1f00000 - 0x00007ffad2026000 	C:\WINDOWS\system32\RPCRT4.dll
0x00007ffad19e0000 - 0x00007ffad1b2e000 	C:\WINDOWS\system32\USER32.dll
0x00007ffad1850000 - 0x00007ffad19d6000 	C:\WINDOWS\system32\GDI32.dll
0x00007ffacf460000 - 0x00007ffacf6d4000 	C:\WINDOWS\WinSxS\amd64_microsoft.windows.common-controls_6595b64144ccf1df_6.0.10240.16384_none_f41f7b285750ef43\COMCTL32.dll
0x00007ffad1680000 - 0x00007ffad16b6000 	C:\WINDOWS\system32\IMM32.DLL
0x00007ffad1d90000 - 0x00007ffad1eec000 	C:\WINDOWS\system32\MSCTF.dll
0x0000000063d30000 - 0x0000000063e01000 	C:\Program Files\Java\jdk1.7.0_40\jre\bin\msvcr100.dll
0x00000000641b0000 - 0x0000000064979000 	C:\Program Files\Java\jdk1.7.0_40\jre\bin\server\jvm.dll
0x00007ffad3850000 - 0x00007ffad3858000 	C:\WINDOWS\system32\PSAPI.DLL
0x00007ffac59c0000 - 0x00007ffac59c9000 	C:\WINDOWS\SYSTEM32\WSOCK32.dll
0x00007ffad1bb0000 - 0x00007ffad1c19000 	C:\WINDOWS\system32\WS2_32.dll
0x00007ffad1ef0000 - 0x00007ffad1ef8000 	C:\WINDOWS\system32\NSI.dll
0x00007fface1c0000 - 0x00007fface1e3000 	C:\WINDOWS\SYSTEM32\WINMM.dll
0x00007fface190000 - 0x00007fface1bc000 	C:\WINDOWS\SYSTEM32\WINMMBASE.dll
0x00007ffad09b0000 - 0x00007ffad09f4000 	C:\WINDOWS\system32\cfgmgr32.dll
0x00007fface9e0000 - 0x00007ffacea07000 	C:\WINDOWS\SYSTEM32\DEVOBJ.dll
0x00000000641a0000 - 0x00000000641af000 	C:\Program Files\Java\jdk1.7.0_40\jre\bin\verify.dll
0x0000000064170000 - 0x0000000064198000 	C:\Program Files\Java\jdk1.7.0_40\jre\bin\java.dll
0x0000000064150000 - 0x0000000064165000 	C:\Program Files\Java\jdk1.7.0_40\jre\bin\zip.dll
0x0000000064130000 - 0x0000000064149000 	C:\Program Files\Java\jdk1.7.0_40\jre\bin\net.dll
0x00007ffacfe90000 - 0x00007ffacfeed000 	C:\WINDOWS\system32\mswsock.dll
0x0000000064110000 - 0x0000000064121000 	C:\Program Files\Java\jdk1.7.0_40\jre\bin\nio.dll

VM Arguments:
jvm_args: -Xmx1024M -Dfile.encoding=windows-1250 -Duser.country=SK -Duser.language=sk -Duser.variant 
java_command: com.android.dx.command.Main --dex --output C:\Users\Juraj\OneDrive\Dokumenty\School\Software Engineering II\SmartHouse\app\build\intermediates\pre-dexed\debug\classes-be80b3c3a0648d13a6f5fa6e4bfb5b3e74d2654d.jar C:\Users\Juraj\OneDrive\Dokumenty\School\Software Engineering II\SmartHouse\app\build\intermediates\exploded-aar\com.android.support\support-v4\22.1.0\jars\classes.jar
Launcher Type: SUN_STANDARD

Environment Variables:
JAVA_HOME=C:\Program Files\Java\jdk1.7.0_40
PATH=C:\ProgramData\Oracle\Java\javapath;C:\Program Files (x86)\ActiveState Komodo Edit 9 nightly\;C:\Program Files (x86)\Common Files\Intel\Shared Files\cpp\bin\Intel64;C:\PROGRAM FILES (X86)\INTEL\ICLS CLIENT\;C:\PROGRAM FILES\INTEL\ICLS CLIENT\;C:\WINDOWS\SYSTEM32;C:\WINDOWS;C:\WINDOWS\SYSTEM32\WBEM;C:\WINDOWS\SYSTEM32\WINDOWSPOWERSHELL\V1.0\;C:\PROGRAM FILES\INTEL\INTEL(R) MANAGEMENT ENGINE COMPONENTS\DAL;C:\PROGRAM FILES\INTEL\INTEL(R) MANAGEMENT ENGINE COMPONENTS\IPT;C:\PROGRAM FILES (X86)\INTEL\INTEL(R) MANAGEMENT ENGINE COMPONENTS\DAL;C:\PROGRAM FILES (X86)\INTEL\INTEL(R) MANAGEMENT ENGINE COMPONENTS\IPT;C:\PROGRAM FILES (X86)\INTEL\OPENCL SDK\2.0\BIN\X86;C:\PROGRAM FILES (X86)\INTEL\OPENCL SDK\2.0\BIN\X64;C:\PROGRAMDATA\LENOVO\READYAPPS;C:\PROGRAM FILES\INTEL\WIFI\BIN\;C:\PROGRAM FILES\COMMON FILES\INTEL\WIRELESSCOMMON\;C:/USERS/JURAJ/DESKTOP/SDK/TOOLS;C:\USERS\JURAJ\DESKTOP\APACHE-ANT-1.9.4\BIN;C:\PROGRAM FILES (X86)\COMMON FILES\LENOVO\EASYPLUSSDK\BIN;C:\Program Files\ThinkPad\Bluetooth Software\;C:\Program Files\ThinkPad\Bluetooth Software\syswow64;C:\Program Files (x86)\Windows Live\Shared;C:\Program Files (x86)\Tupi\lib;C:\Program Files (x86)\Tupi\lib\qt5;C:\Program Files (x86)\Tupi\lib\libav;C:\Program Files\Microsoft\Web Platform Installer\;C:\Program Files\gs\gs9.15\bin;C:\Program Files\gs\gs9.15\lib;C:\Program Files\Mercurial\;C:\WINDOWS\system32;C:\WINDOWS;C:\WINDOWS\System32\Wbem;C:\WINDOWS\System32\WindowsPowerShell\v1.0\;C:\Program Files (x86)\Skype\Phone\;C:\Program Files (x86)\MySQL\MySQL Fabric 1.5 & MySQL Utilities 1.5\;C:\Program Files (x86)\MySQL\MySQL Fabric 1.5 & MySQL Utilities 1.5\Doctrine extensions for PHP\;C:\Program Files\Intel\WiFi\bin\;C:\Program Files\Common Files\Intel\WirelessCommon\;C:\Users\Juraj\GRADLE_HOME/bin;C:/Program Files (x86)/adt-bundle-windows-x86_64-20131030/sdk/sources/android-19/com/android/commands;C:/Program Files/Java/jdk1.7.0_40/bin;C:/Users/Juraj/Desktop/sdk/tools;C:\Users\Juraj\Desktop\apache-ant-1.9.4\bin;
USERNAME=Juraj
OS=Windows_NT
PROCESSOR_IDENTIFIER=Intel64 Family 6 Model 58 Stepping 9, GenuineIntel



---------------  S Y S T E M  ---------------

OS: Windows 8 , 64 bit Build 9200 

CPU:total 4 (2 cores per cpu, 2 threads per core) family 6 model 58 stepping 9, cmov, cx8, fxsr, mmx, sse, sse2, sse3, ssse3, sse4.1, sse4.2, popcnt, avx, aes, erms, ht, tsc, tscinvbit, tscinv

Memory: 4k page, physical 4008860k(228096k free), swap 8814892k(5268k free)

vm_info: Java HotSpot(TM) 64-Bit Server VM (24.0-b56) for windows-amd64 JRE (1.7.0_40-b43), built on Aug 26 2013 22:38:32 by "java_re" with unknown MS VC++:1600

time: Sun Nov 15 18:18:13 2015
elapsed time: 25 seconds

