#
# There is insufficient memory for the Java Runtime Environment to continue.
# Native memory allocation (malloc) failed to allocate 132512 bytes for Chunk::new
# Possible reasons:
#   The system is out of physical RAM or swap space
#   In 32 bit mode, the process size limit was hit
# Possible solutions:
#   Reduce memory load on the system
#   Increase physical memory or swap space
#   Check if swap backing store is full
#   Use 64 bit Java on a 64 bit OS
#   Decrease Java heap size (-Xmx/-Xms)
#   Decrease number of Java threads
#   Decrease Java thread stack sizes (-Xss)
#   Set larger code cache with -XX:ReservedCodeCacheSize=
# This output file may be truncated or incomplete.
#
#  Out of Memory Error (allocation.cpp:323), pid=5204, tid=10720
#
# JRE version: Java(TM) SE Runtime Environment (7.0_40-b43) (build 1.7.0_40-b43)
# Java VM: Java HotSpot(TM) 64-Bit Server VM (24.0-b56 mixed mode windows-amd64 compressed oops)
# Failed to write core dump. Minidumps are not enabled by default on client versions of Windows
#

---------------  T H R E A D  ---------------

Current thread (0x0000000008494800):  JavaThread "C2 CompilerThread0" daemon [_thread_in_native, id=10720, stack(0x0000000009a10000,0x0000000009b10000)]

Stack: [0x0000000009a10000,0x0000000009b10000]

Current CompileTask:
C2:   4200  138             com.android.dx.ssa.back.LivenessAnalyzer::run (231 bytes)


---------------  P R O C E S S  ---------------

Java Threads: ( => current thread )
  0x00000000084a5000 JavaThread "Service Thread" daemon [_thread_blocked, id=14192, stack(0x0000000009c10000,0x0000000009d10000)]
  0x00000000084a0800 JavaThread "C2 CompilerThread1" daemon [_thread_blocked, id=4296, stack(0x0000000009b10000,0x0000000009c10000)]
=>0x0000000008494800 JavaThread "C2 CompilerThread0" daemon [_thread_in_native, id=10720, stack(0x0000000009a10000,0x0000000009b10000)]
  0x0000000008493800 JavaThread "Attach Listener" daemon [_thread_blocked, id=5188, stack(0x0000000009910000,0x0000000009a10000)]
  0x0000000008490800 JavaThread "Signal Dispatcher" daemon [_thread_blocked, id=7192, stack(0x0000000009810000,0x0000000009910000)]
  0x000000000845f800 JavaThread "Finalizer" daemon [_thread_blocked, id=12428, stack(0x0000000009710000,0x0000000009810000)]
  0x0000000008455800 JavaThread "Reference Handler" daemon [_thread_blocked, id=12860, stack(0x0000000009610000,0x0000000009710000)]
  0x0000000000c7e800 JavaThread "main" [_thread_in_Java, id=12320, stack(0x0000000002400000,0x0000000002500000)]

Other Threads:
  0x0000000008451800 VMThread [stack: 0x0000000009510000,0x0000000009610000] [id=13148]
  0x00000000084b3800 WatcherThread [stack: 0x0000000009d10000,0x0000000009e10000] [id=6892]

VM state:not at safepoint (normal execution)

VM Mutex/Monitor currently owned by a thread: None

Heap
 PSYoungGen      total 18432K, used 2874K [0x00000000eaa80000, 0x00000000ebf00000, 0x0000000100000000)
  eden space 15872K, 2% used [0x00000000eaa80000,0x00000000eaad0050,0x00000000eba00000)
  from space 2560K, 99% used [0x00000000eba00000,0x00000000ebc7eab8,0x00000000ebc80000)
  to   space 2560K, 0% used [0x00000000ebc80000,0x00000000ebc80000,0x00000000ebf00000)
 ParOldGen       total 41472K, used 2334K [0x00000000c0000000, 0x00000000c2880000, 0x00000000eaa80000)
  object space 41472K, 5% used [0x00000000c0000000,0x00000000c0247ab8,0x00000000c2880000)
 PSPermGen       total 21504K, used 5303K [0x00000000bae00000, 0x00000000bc300000, 0x00000000c0000000)
  object space 21504K, 24% used [0x00000000bae00000,0x00000000bb32df68,0x00000000bc300000)

Card table byte_map: [0x00000000056c0000,0x00000000058f0000] byte_map_base: 0x00000000050e9000

Polling page: 0x0000000000bc0000

Code Cache  [0x0000000002600000, 0x0000000002870000, 0x0000000005600000)
 total_blobs=370 nmethods=138 adapters=184 free_code_cache=48540Kb largest_free_block=49679488

Compilation events (10 events):
Event: 4.103 Thread 0x0000000008494800  135             java.util.ArrayList::remove (77 bytes)
Event: 4.103 Thread 0x00000000084a0800 nmethod 133 0x000000000269a2d0 code [0x000000000269a420, 0x000000000269a518]
Event: 4.106 Thread 0x00000000084a0800  136             java.util.Collections$UnmodifiableCollection$1::hasNext (10 bytes)
Event: 4.107 Thread 0x00000000084a0800 nmethod 136 0x0000000002697cd0 code [0x0000000002697e20, 0x0000000002697eb8]
Event: 4.109 Thread 0x0000000008494800 nmethod 135 0x00000000026977d0 code [0x0000000002697920, 0x0000000002697b58]
Event: 4.111 Thread 0x00000000084a0800  137             com.android.dx.rop.type.Type::equals (31 bytes)
Event: 4.113 Thread 0x00000000084a0800 nmethod 137 0x0000000002697410 code [0x0000000002697560, 0x00000000026976d8]
Event: 4.118 Thread 0x0000000008494800  138             com.android.dx.ssa.back.LivenessAnalyzer::run (231 bytes)
Event: 4.139 Thread 0x00000000084a0800  139             com.android.dx.ssa.PhiInsn::predBlocksForReg (73 bytes)
Event: 4.158 Thread 0x00000000084a0800 nmethod 139 0x00000000026984d0 code [0x0000000002698660, 0x0000000002698d08]

GC Heap History (2 events):
Event: 4.162 GC heap before
{Heap before GC invocations=1 (full 0):
 PSYoungGen      total 18432K, used 15872K [0x00000000eaa80000, 0x00000000ebf00000, 0x0000000100000000)
  eden space 15872K, 100% used [0x00000000eaa80000,0x00000000eba00000,0x00000000eba00000)
  from space 2560K, 0% used [0x00000000ebc80000,0x00000000ebc80000,0x00000000ebf00000)
  to   space 2560K, 0% used [0x00000000eba00000,0x00000000eba00000,0x00000000ebc80000)
 ParOldGen       total 41472K, used 0K [0x00000000c0000000, 0x00000000c2880000, 0x00000000eaa80000)
  object space 41472K, 0% used [0x00000000c0000000,0x00000000c0000000,0x00000000c2880000)
 PSPermGen       total 21504K, used 5303K [0x00000000bae00000, 0x00000000bc300000, 0x00000000c0000000)
  object space 21504K, 24% used [0x00000000bae00000,0x00000000bb32df68,0x00000000bc300000)
Event: 4.181 GC heap after
Heap after GC invocations=1 (full 0):
 PSYoungGen      total 18432K, used 2554K [0x00000000eaa80000, 0x00000000ebf00000, 0x0000000100000000)
  eden space 15872K, 0% used [0x00000000eaa80000,0x00000000eaa80000,0x00000000eba00000)
  from space 2560K, 99% used [0x00000000eba00000,0x00000000ebc7eab8,0x00000000ebc80000)
  to   space 2560K, 0% used [0x00000000ebc80000,0x00000000ebc80000,0x00000000ebf00000)
 ParOldGen       total 41472K, used 2334K [0x00000000c0000000, 0x00000000c2880000, 0x00000000eaa80000)
  object space 41472K, 5% used [0x00000000c0000000,0x00000000c0247ab8,0x00000000c2880000)
 PSPermGen       total 21504K, used 5303K [0x00000000bae00000, 0x00000000bc300000, 0x00000000c0000000)
  object space 21504K, 24% used [0x00000000bae00000,0x00000000bb32df68,0x00000000bc300000)
}

Deoptimization events (1 events):
Event: 3.432 Thread 0x0000000000c7e800 Uncommon trap: reason=null_check action=make_not_entrant pc=0x000000000267b14c method=com.android.dx.rop.code.LocalItem.equals(Ljava/lang/Object;)Z @ 1

Internal exceptions (10 events):
Event: 1.655 Thread 0x0000000000c7e800 Threw 0x00000000eb186750 at C:\jdk7u2_64p\jdk7u40\hotspot\src\share\vm\prims\jvm.cpp:1244
Event: 1.656 Thread 0x0000000000c7e800 Threw 0x00000000eb18f430 at C:\jdk7u2_64p\jdk7u40\hotspot\src\share\vm\prims\jvm.cpp:1244
Event: 1.657 Thread 0x0000000000c7e800 Threw 0x00000000eb194878 at C:\jdk7u2_64p\jdk7u40\hotspot\src\share\vm\prims\jvm.cpp:1244
Event: 1.658 Thread 0x0000000000c7e800 Threw 0x00000000eb197888 at C:\jdk7u2_64p\jdk7u40\hotspot\src\share\vm\prims\jvm.cpp:1244
Event: 1.701 Thread 0x0000000000c7e800 Threw 0x00000000eb1a5b40 at C:\jdk7u2_64p\jdk7u40\hotspot\src\share\vm\prims\jvm.cpp:1244
Event: 1.948 Thread 0x0000000000c7e800 Threw 0x00000000eb2376c0 at C:\jdk7u2_64p\jdk7u40\hotspot\src\share\vm\prims\jvm.cpp:1244
Event: 2.299 Thread 0x0000000000c7e800 Threw 0x00000000eb306640 at C:\jdk7u2_64p\jdk7u40\hotspot\src\share\vm\prims\jvm.cpp:1244
Event: 2.303 Thread 0x0000000000c7e800 Threw 0x00000000eb30dcb0 at C:\jdk7u2_64p\jdk7u40\hotspot\src\share\vm\prims\jvm.cpp:1244
Event: 3.008 Thread 0x0000000000c7e800 Threw 0x00000000eb454508 at C:\jdk7u2_64p\jdk7u40\hotspot\src\share\vm\prims\jvm.cpp:1244
Event: 3.432 Thread 0x0000000000c7e800 Implicit null exception at 0x000000000267aded to 0x000000000267b139

Events (10 events):
Event: 3.094 loading class 0x0000000002579410 done
Event: 3.432 Thread 0x0000000000c7e800 Uncommon trap: trap_request=0xfffffff4 fr.pc=0x000000000267b14c
Event: 3.432 Thread 0x0000000000c7e800 DEOPT PACKING pc=0x000000000267b14c sp=0x00000000024fea00
Event: 3.432 Thread 0x0000000000c7e800 DEOPT UNPACKING pc=0x00000000026375a4 sp=0x00000000024fe950 mode 2
Event: 3.526 loading class 0x0000000002574e10
Event: 3.526 loading class 0x0000000002574e10 done
Event: 3.825 loading class 0x000000000257adf0
Event: 3.825 loading class 0x000000000257adf0 done
Event: 4.162 Executing VM operation: ParallelGCFailedAllocation
Event: 4.181 Executing VM operation: ParallelGCFailedAllocation done


Dynamic libraries:
0x00007ff6f1400000 - 0x00007ff6f1433000 	C:\Program Files\Java\jdk1.7.0_40\bin\java.exe
0x00007ffad3bf0000 - 0x00007ffad3db1000 	C:\WINDOWS\SYSTEM32\ntdll.dll
0x00007ffad1c20000 - 0x00007ffad1ccd000 	C:\WINDOWS\system32\KERNEL32.DLL
0x00007ffad10e0000 - 0x00007ffad12bd000 	C:\WINDOWS\system32\KERNELBASE.dll
0x00007ffad38c0000 - 0x00007ffad3966000 	C:\WINDOWS\system32\ADVAPI32.dll
0x00007ffad1490000 - 0x00007ffad152d000 	C:\WINDOWS\system32\msvcrt.dll
0x00007ffad3860000 - 0x00007ffad38bb000 	C:\WINDOWS\system32\sechost.dll
0x00007ffad1f00000 - 0x00007ffad2026000 	C:\WINDOWS\system32\RPCRT4.dll
0x00007ffad19e0000 - 0x00007ffad1b2e000 	C:\WINDOWS\system32\USER32.dll
0x00007ffad1850000 - 0x00007ffad19d6000 	C:\WINDOWS\system32\GDI32.dll
0x00007ffacf460000 - 0x00007ffacf6d4000 	C:\WINDOWS\WinSxS\amd64_microsoft.windows.common-controls_6595b64144ccf1df_6.0.10240.16384_none_f41f7b285750ef43\COMCTL32.dll
0x00007ffad1680000 - 0x00007ffad16b6000 	C:\WINDOWS\system32\IMM32.DLL
0x00007ffad1d90000 - 0x00007ffad1eec000 	C:\WINDOWS\system32\MSCTF.dll
0x0000000063d30000 - 0x0000000063e01000 	C:\Program Files\Java\jdk1.7.0_40\jre\bin\msvcr100.dll
0x00000000641b0000 - 0x0000000064979000 	C:\Program Files\Java\jdk1.7.0_40\jre\bin\server\jvm.dll
0x00007ffad3850000 - 0x00007ffad3858000 	C:\WINDOWS\system32\PSAPI.DLL
0x00007ffac59c0000 - 0x00007ffac59c9000 	C:\WINDOWS\SYSTEM32\WSOCK32.dll
0x00007ffad1bb0000 - 0x00007ffad1c19000 	C:\WINDOWS\system32\WS2_32.dll
0x00007ffad1ef0000 - 0x00007ffad1ef8000 	C:\WINDOWS\system32\NSI.dll
0x00007fface1c0000 - 0x00007fface1e3000 	C:\WINDOWS\SYSTEM32\WINMM.dll
0x00007fface190000 - 0x00007fface1bc000 	C:\WINDOWS\SYSTEM32\WINMMBASE.dll
0x00007ffad09b0000 - 0x00007ffad09f4000 	C:\WINDOWS\system32\cfgmgr32.dll
0x00007fface9e0000 - 0x00007ffacea07000 	C:\WINDOWS\SYSTEM32\DEVOBJ.dll
0x00000000641a0000 - 0x00000000641af000 	C:\Program Files\Java\jdk1.7.0_40\jre\bin\verify.dll
0x0000000064170000 - 0x0000000064198000 	C:\Program Files\Java\jdk1.7.0_40\jre\bin\java.dll
0x0000000064150000 - 0x0000000064165000 	C:\Program Files\Java\jdk1.7.0_40\jre\bin\zip.dll
0x0000000064130000 - 0x0000000064149000 	C:\Program Files\Java\jdk1.7.0_40\jre\bin\net.dll
0x00007ffacfe90000 - 0x00007ffacfeed000 	C:\WINDOWS\system32\mswsock.dll
0x0000000064110000 - 0x0000000064121000 	C:\Program Files\Java\jdk1.7.0_40\jre\bin\nio.dll

VM Arguments:
jvm_args: -Xmx1024M -Dfile.encoding=windows-1250 -Duser.country=SK -Duser.language=sk -Duser.variant 
java_command: com.android.dx.command.Main --dex --output C:\Users\Juraj\OneDrive\Dokumenty\School\Software Engineering II\SmartHouse\app\build\intermediates\pre-dexed\debug\jersey-common-2.22.1-e887fe4c192e3d63242442e3bb08e96003b8fffc.jar C:\Users\Juraj\.gradle\caches\modules-2\files-2.1\org.glassfish.jersey.core\jersey-common\2.22.1\b5811d8385766f35d10d204952f3d5b57ee2fb60\jersey-common-2.22.1.jar
Launcher Type: SUN_STANDARD

Environment Variables:
JAVA_HOME=C:\Program Files\Java\jdk1.7.0_40
PATH=C:\ProgramData\Oracle\Java\javapath;C:\Program Files (x86)\ActiveState Komodo Edit 9 nightly\;C:\Program Files (x86)\Common Files\Intel\Shared Files\cpp\bin\Intel64;C:\PROGRAM FILES (X86)\INTEL\ICLS CLIENT\;C:\PROGRAM FILES\INTEL\ICLS CLIENT\;C:\WINDOWS\SYSTEM32;C:\WINDOWS;C:\WINDOWS\SYSTEM32\WBEM;C:\WINDOWS\SYSTEM32\WINDOWSPOWERSHELL\V1.0\;C:\PROGRAM FILES\INTEL\INTEL(R) MANAGEMENT ENGINE COMPONENTS\DAL;C:\PROGRAM FILES\INTEL\INTEL(R) MANAGEMENT ENGINE COMPONENTS\IPT;C:\PROGRAM FILES (X86)\INTEL\INTEL(R) MANAGEMENT ENGINE COMPONENTS\DAL;C:\PROGRAM FILES (X86)\INTEL\INTEL(R) MANAGEMENT ENGINE COMPONENTS\IPT;C:\PROGRAM FILES (X86)\INTEL\OPENCL SDK\2.0\BIN\X86;C:\PROGRAM FILES (X86)\INTEL\OPENCL SDK\2.0\BIN\X64;C:\PROGRAMDATA\LENOVO\READYAPPS;C:\PROGRAM FILES\INTEL\WIFI\BIN\;C:\PROGRAM FILES\COMMON FILES\INTEL\WIRELESSCOMMON\;C:/USERS/JURAJ/DESKTOP/SDK/TOOLS;C:\USERS\JURAJ\DESKTOP\APACHE-ANT-1.9.4\BIN;C:\PROGRAM FILES (X86)\COMMON FILES\LENOVO\EASYPLUSSDK\BIN;C:\Program Files\ThinkPad\Bluetooth Software\;C:\Program Files\ThinkPad\Bluetooth Software\syswow64;C:\Program Files (x86)\Windows Live\Shared;C:\Program Files (x86)\Tupi\lib;C:\Program Files (x86)\Tupi\lib\qt5;C:\Program Files (x86)\Tupi\lib\libav;C:\Program Files\Microsoft\Web Platform Installer\;C:\Program Files\gs\gs9.15\bin;C:\Program Files\gs\gs9.15\lib;C:\Program Files\Mercurial\;C:\WINDOWS\system32;C:\WINDOWS;C:\WINDOWS\System32\Wbem;C:\WINDOWS\System32\WindowsPowerShell\v1.0\;C:\Program Files (x86)\Skype\Phone\;C:\Program Files (x86)\MySQL\MySQL Fabric 1.5 & MySQL Utilities 1.5\;C:\Program Files (x86)\MySQL\MySQL Fabric 1.5 & MySQL Utilities 1.5\Doctrine extensions for PHP\;C:\Program Files\Intel\WiFi\bin\;C:\Program Files\Common Files\Intel\WirelessCommon\;C:\Users\Juraj\GRADLE_HOME/bin;C:/Program Files (x86)/adt-bundle-windows-x86_64-20131030/sdk/sources/android-19/com/android/commands;C:/Program Files/Java/jdk1.7.0_40/bin;C:/Users/Juraj/Desktop/sdk/tools;C:\Users\Juraj\Desktop\apache-ant-1.9.4\bin;
USERNAME=Juraj
OS=Windows_NT
PROCESSOR_IDENTIFIER=Intel64 Family 6 Model 58 Stepping 9, GenuineIntel



---------------  S Y S T E M  ---------------

OS: Windows 8 , 64 bit Build 9200 

CPU:total 4 (2 cores per cpu, 2 threads per core) family 6 model 58 stepping 9, cmov, cx8, fxsr, mmx, sse, sse2, sse3, ssse3, sse4.1, sse4.2, popcnt, avx, aes, erms, ht, tsc, tscinvbit, tscinv

Memory: 4k page, physical 4008860k(264560k free), swap 8814892k(5900k free)

vm_info: Java HotSpot(TM) 64-Bit Server VM (24.0-b56) for windows-amd64 JRE (1.7.0_40-b43), built on Aug 26 2013 22:38:32 by "java_re" with unknown MS VC++:1600

time: Sun Nov 15 18:17:23 2015
elapsed time: 4 seconds

