#
# There is insufficient memory for the Java Runtime Environment to continue.
# Native memory allocation (malloc) failed to allocate 32744 bytes for ChunkPool::allocate
# Possible reasons:
#   The system is out of physical RAM or swap space
#   In 32 bit mode, the process size limit was hit
# Possible solutions:
#   Reduce memory load on the system
#   Increase physical memory or swap space
#   Check if swap backing store is full
#   Use 64 bit Java on a 64 bit OS
#   Decrease Java heap size (-Xmx/-Xms)
#   Decrease number of Java threads
#   Decrease Java thread stack sizes (-Xss)
#   Set larger code cache with -XX:ReservedCodeCacheSize=
# This output file may be truncated or incomplete.
#
#  Out of Memory Error (allocation.cpp:211), pid=12208, tid=5012
#
# JRE version: Java(TM) SE Runtime Environment (7.0_40-b43) (build 1.7.0_40-b43)
# Java VM: Java HotSpot(TM) 64-Bit Server VM (24.0-b56 mixed mode windows-amd64 compressed oops)
# Failed to write core dump. Minidumps are not enabled by default on client versions of Windows
#

---------------  T H R E A D  ---------------

Current thread (0x0000000007ea1000):  JavaThread "C2 CompilerThread1" daemon [_thread_in_native, id=5012, stack(0x0000000009520000,0x0000000009620000)]

Stack: [0x0000000009520000,0x0000000009620000]
[error occurred during error reporting (printing stack bounds), id 0xc0000005]


[error occurred during error reporting (printing native stack), id 0xc0000005]


Current CompileTask:
C2:   6048  234             com.android.dx.ssa.SCCP::simulateStmt (481 bytes)


---------------  P R O C E S S  ---------------

Java Threads: ( => current thread )
  0x0000000007ea5800 JavaThread "Service Thread" daemon [_thread_blocked, id=14244, stack(0x0000000009620000,0x0000000009720000)]
=>0x0000000007ea1000 JavaThread "C2 CompilerThread1" daemon [_thread_in_native, id=5012, stack(0x0000000009520000,0x0000000009620000)]
  0x0000000007e95000 JavaThread "C2 CompilerThread0" daemon [_thread_in_native, id=5520, stack(0x0000000009420000,0x0000000009520000)]
  0x0000000007e94000 JavaThread "Attach Listener" daemon [_thread_blocked, id=8832, stack(0x0000000009320000,0x0000000009420000)]
  0x0000000007e90800 JavaThread "Signal Dispatcher" daemon [_thread_blocked, id=9616, stack(0x0000000009220000,0x0000000009320000)]
  0x0000000007e5e800 JavaThread "Finalizer" daemon [_thread_blocked, id=10024, stack(0x0000000009120000,0x0000000009220000)]
  0x0000000007e55800 JavaThread "Reference Handler" daemon [_thread_blocked, id=12652, stack(0x0000000009020000,0x0000000009120000)]
  0x0000000001d9e800 JavaThread "main" [_thread_in_Java, id=11656, stack(0x0000000001c60000,0x0000000001d60000)]

Other Threads:
  0x0000000007e51800 VMThread [stack: 0x0000000008f20000,0x0000000009020000] [id=3428]
  0x0000000007eb3800 WatcherThread [stack: 0x0000000009720000,0x0000000009820000] [id=13092]

VM state:not at safepoint (normal execution)

VM Mutex/Monitor currently owned by a thread: None

Heap
 PSYoungGen      total 18432K, used 17335K [0x00000000eaa80000, 0x00000000ebf00000, 0x0000000100000000)
  eden space 15872K, 93% used [0x00000000eaa80000,0x00000000eb8f40c0,0x00000000eba00000)
  from space 2560K, 99% used [0x00000000eba00000,0x00000000ebc79c68,0x00000000ebc80000)
  to   space 2560K, 0% used [0x00000000ebc80000,0x00000000ebc80000,0x00000000ebf00000)
 ParOldGen       total 41472K, used 1556K [0x00000000c0000000, 0x00000000c2880000, 0x00000000eaa80000)
  object space 41472K, 3% used [0x00000000c0000000,0x00000000c0185058,0x00000000c2880000)
 PSPermGen       total 21504K, used 5492K [0x00000000bae00000, 0x00000000bc300000, 0x00000000c0000000)
  object space 21504K, 25% used [0x00000000bae00000,0x00000000bb35d068,0x00000000bc300000)

Card table byte_map: [0x00000000050a0000,0x00000000052d0000] byte_map_base: 0x0000000004ac9000

Polling page: 0x0000000001d60000

Code Cache  [0x0000000001fe0000, 0x0000000002250000, 0x0000000004fe0000)
 total_blobs=465 nmethods=232 adapters=185 free_code_cache=48223Kb largest_free_block=49349120

Compilation events (10 events):
Event: 6.021 Thread 0x0000000007e95000  229   !         com.android.dx.cf.code.Ropper::processBlock (1101 bytes)
Event: 6.030 Thread 0x0000000007ea1000  230             com.android.dx.rop.code.RegisterSpec::equals (51 bytes)
Event: 6.036 Thread 0x0000000007ea1000 nmethod 230 0x00000000020c8490 code [0x00000000020c8600, 0x00000000020c8a98]
Event: 6.036 Thread 0x0000000007ea1000  231             com.android.dx.ssa.SsaMethod$2::visitNonMoveInsn (6 bytes)
Event: 6.036 Thread 0x0000000007ea1000 nmethod 231 0x00000000020c9190 code [0x00000000020c92e0, 0x00000000020c9348]
Event: 6.036 Thread 0x0000000007ea1000  232             com.android.dx.ssa.SsaMethod$1::visitNonMoveInsn (26 bytes)
Event: 6.038 Thread 0x0000000007ea1000 nmethod 232 0x00000000020c68d0 code [0x00000000020c6a20, 0x00000000020c6b18]
Event: 6.038 Thread 0x0000000007ea1000  233             java.util.Collections$UnmodifiableCollection$1::next (10 bytes)
Event: 6.040 Thread 0x0000000007ea1000 nmethod 233 0x00000000020c6390 code [0x00000000020c6500, 0x00000000020c6668]
Event: 6.041 Thread 0x0000000007ea1000  234             com.android.dx.ssa.SCCP::simulateStmt (481 bytes)

GC Heap History (2 events):
Event: 4.413 GC heap before
{Heap before GC invocations=1 (full 0):
 PSYoungGen      total 18432K, used 15872K [0x00000000eaa80000, 0x00000000ebf00000, 0x0000000100000000)
  eden space 15872K, 100% used [0x00000000eaa80000,0x00000000eba00000,0x00000000eba00000)
  from space 2560K, 0% used [0x00000000ebc80000,0x00000000ebc80000,0x00000000ebf00000)
  to   space 2560K, 0% used [0x00000000eba00000,0x00000000eba00000,0x00000000ebc80000)
 ParOldGen       total 41472K, used 0K [0x00000000c0000000, 0x00000000c2880000, 0x00000000eaa80000)
  object space 41472K, 0% used [0x00000000c0000000,0x00000000c0000000,0x00000000c2880000)
 PSPermGen       total 21504K, used 5311K [0x00000000bae00000, 0x00000000bc300000, 0x00000000c0000000)
  object space 21504K, 24% used [0x00000000bae00000,0x00000000bb32fd18,0x00000000bc300000)
Event: 4.444 GC heap after
Heap after GC invocations=1 (full 0):
 PSYoungGen      total 18432K, used 2535K [0x00000000eaa80000, 0x00000000ebf00000, 0x0000000100000000)
  eden space 15872K, 0% used [0x00000000eaa80000,0x00000000eaa80000,0x00000000eba00000)
  from space 2560K, 99% used [0x00000000eba00000,0x00000000ebc79c68,0x00000000ebc80000)
  to   space 2560K, 0% used [0x00000000ebc80000,0x00000000ebc80000,0x00000000ebf00000)
 ParOldGen       total 41472K, used 1556K [0x00000000c0000000, 0x00000000c2880000, 0x00000000eaa80000)
  object space 41472K, 3% used [0x00000000c0000000,0x00000000c0185058,0x00000000c2880000)
 PSPermGen       total 21504K, used 5311K [0x00000000bae00000, 0x00000000bc300000, 0x00000000c0000000)
  object space 21504K, 24% used [0x00000000bae00000,0x00000000bb32fd18,0x00000000bc300000)
}

Deoptimization events (9 events):
Event: 3.586 Thread 0x0000000001d9e800 Uncommon trap: reason=null_check action=make_not_entrant pc=0x000000000205da98 method=com.android.dx.rop.code.LocalItem.equals(Ljava/lang/Object;)Z @ 1
Event: 4.359 Thread 0x0000000001d9e800 Uncommon trap: reason=class_check action=maybe_recompile pc=0x000000000206c2bc method=com.android.dx.ssa.NormalSsaInsn.accept(Lcom/android/dx/ssa/SsaInsn$Visitor;)V @ 9
Event: 4.877 Thread 0x0000000001d9e800 Uncommon trap: reason=class_check action=maybe_recompile pc=0x0000000002064c70 method=com.android.dx.rop.type.Type.equals(Ljava/lang/Object;)Z @ 8
Event: 4.881 Thread 0x0000000001d9e800 Uncommon trap: reason=class_check action=maybe_recompile pc=0x0000000002064c70 method=com.android.dx.rop.type.Type.equals(Ljava/lang/Object;)Z @ 8
Event: 4.898 Thread 0x0000000001d9e800 Uncommon trap: reason=class_check action=maybe_recompile pc=0x0000000002077ea8 method=com.android.dx.rop.type.Type.equals(Ljava/lang/Object;)Z @ 8
Event: 4.902 Thread 0x0000000001d9e800 Uncommon trap: reason=class_check action=maybe_recompile pc=0x0000000002064c70 method=com.android.dx.rop.type.Type.equals(Ljava/lang/Object;)Z @ 8
Event: 5.034 Thread 0x0000000001d9e800 Uncommon trap: reason=class_check action=maybe_recompile pc=0x000000000206c2bc method=com.android.dx.ssa.NormalSsaInsn.accept(Lcom/android/dx/ssa/SsaInsn$Visitor;)V @ 9
Event: 5.571 Thread 0x0000000001d9e800 Uncommon trap: reason=class_check action=maybe_recompile pc=0x000000000206c2bc method=com.android.dx.ssa.NormalSsaInsn.accept(Lcom/android/dx/ssa/SsaInsn$Visitor;)V @ 9
Event: 5.626 Thread 0x0000000001d9e800 Uncommon trap: reason=unreached action=reinterpret pc=0x000000000209d09c method=com.android.dx.ssa.LocalVariableExtractor.processBlock(I)V @ 251

Internal exceptions (10 events):
Event: 3.872 Thread 0x0000000001d9e800 Threw 0x00000000eb61d220 at C:\jdk7u2_64p\jdk7u40\hotspot\src\share\vm\prims\jvm.cpp:1244
Event: 3.955 Thread 0x0000000001d9e800 Threw 0x00000000eb695d58 at C:\jdk7u2_64p\jdk7u40\hotspot\src\share\vm\prims\jvm.cpp:1244
Event: 3.960 Thread 0x0000000001d9e800 Threw 0x00000000eb6b1ea0 at C:\jdk7u2_64p\jdk7u40\hotspot\src\share\vm\prims\jvm.cpp:1244
Event: 3.960 Thread 0x0000000001d9e800 Threw 0x00000000eb6b4618 at C:\jdk7u2_64p\jdk7u40\hotspot\src\share\vm\prims\jvm.cpp:1244
Event: 3.967 Thread 0x0000000001d9e800 Threw 0x00000000eb6d0268 at C:\jdk7u2_64p\jdk7u40\hotspot\src\share\vm\prims\jvm.cpp:1244
Event: 3.968 Thread 0x0000000001d9e800 Threw 0x00000000eb6d5cf8 at C:\jdk7u2_64p\jdk7u40\hotspot\src\share\vm\prims\jvm.cpp:1244
Event: 4.006 Thread 0x0000000001d9e800 Threw 0x00000000eb6db4c0 at C:\jdk7u2_64p\jdk7u40\hotspot\src\share\vm\prims\jvm.cpp:1244
Event: 4.549 Thread 0x0000000001d9e800 Threw 0x00000000eabd69e0 at C:\jdk7u2_64p\jdk7u40\hotspot\src\share\vm\prims\jvm.cpp:1244
Event: 4.828 Thread 0x0000000001d9e800 Threw 0x00000000eada6be0 at C:\jdk7u2_64p\jdk7u40\hotspot\src\share\vm\prims\jvm.cpp:1244
Event: 5.383 Thread 0x0000000001d9e800 Threw 0x00000000eb1f7700 at C:\jdk7u2_64p\jdk7u40\hotspot\src\share\vm\prims\jvm.cpp:1244

Events (10 events):
Event: 5.034 Thread 0x0000000001d9e800 DEOPT PACKING pc=0x000000000206c2bc sp=0x0000000001d5ecc0
Event: 5.034 Thread 0x0000000001d9e800 DEOPT UNPACKING pc=0x00000000020175a4 sp=0x0000000001d5ebd0 mode 2
Event: 5.383 loading class 0x00000000099dd910
Event: 5.383 loading class 0x00000000099dd910 done
Event: 5.571 Thread 0x0000000001d9e800 Uncommon trap: trap_request=0xffffffde fr.pc=0x000000000206c2bc
Event: 5.571 Thread 0x0000000001d9e800 DEOPT PACKING pc=0x000000000206c2bc sp=0x0000000001d5ec80
Event: 5.571 Thread 0x0000000001d9e800 DEOPT UNPACKING pc=0x00000000020175a4 sp=0x0000000001d5eb90 mode 2
Event: 5.626 Thread 0x0000000001d9e800 Uncommon trap: trap_request=0xffffffad fr.pc=0x000000000209d09c
Event: 5.626 Thread 0x0000000001d9e800 DEOPT PACKING pc=0x000000000209d09c sp=0x0000000001d5edd0
Event: 5.626 Thread 0x0000000001d9e800 DEOPT UNPACKING pc=0x00000000020175a4 sp=0x0000000001d5ed50 mode 2


Dynamic libraries:
0x00007ff6f1400000 - 0x00007ff6f1433000 	C:\Program Files\Java\jdk1.7.0_40\bin\java.exe
0x00007ffad3bf0000 - 0x00007ffad3db1000 	C:\WINDOWS\SYSTEM32\ntdll.dll
0x00007ffad1c20000 - 0x00007ffad1ccd000 	C:\WINDOWS\system32\KERNEL32.DLL
0x00007ffad10e0000 - 0x00007ffad12bd000 	C:\WINDOWS\system32\KERNELBASE.dll
0x00007ffad38c0000 - 0x00007ffad3966000 	C:\WINDOWS\system32\ADVAPI32.dll
0x00007ffad1490000 - 0x00007ffad152d000 	C:\WINDOWS\system32\msvcrt.dll
0x00007ffad3860000 - 0x00007ffad38bb000 	C:\WINDOWS\system32\sechost.dll
0x00007ffad1f00000 - 0x00007ffad2026000 	C:\WINDOWS\system32\RPCRT4.dll
0x00007ffad19e0000 - 0x00007ffad1b2e000 	C:\WINDOWS\system32\USER32.dll
0x00007ffad1850000 - 0x00007ffad19d6000 	C:\WINDOWS\system32\GDI32.dll
0x00007ffacf460000 - 0x00007ffacf6d4000 	C:\WINDOWS\WinSxS\amd64_microsoft.windows.common-controls_6595b64144ccf1df_6.0.10240.16384_none_f41f7b285750ef43\COMCTL32.dll
0x00007ffad1680000 - 0x00007ffad16b6000 	C:\WINDOWS\system32\IMM32.DLL
0x00007ffad1d90000 - 0x00007ffad1eec000 	C:\WINDOWS\system32\MSCTF.dll
0x0000000063d30000 - 0x0000000063e01000 	C:\Program Files\Java\jdk1.7.0_40\jre\bin\msvcr100.dll
0x00000000641b0000 - 0x0000000064979000 	C:\Program Files\Java\jdk1.7.0_40\jre\bin\server\jvm.dll
0x00007ffad3850000 - 0x00007ffad3858000 	C:\WINDOWS\system32\PSAPI.DLL
0x00007ffac59c0000 - 0x00007ffac59c9000 	C:\WINDOWS\SYSTEM32\WSOCK32.dll
0x00007ffad1bb0000 - 0x00007ffad1c19000 	C:\WINDOWS\system32\WS2_32.dll
0x00007ffad1ef0000 - 0x00007ffad1ef8000 	C:\WINDOWS\system32\NSI.dll
0x00007fface1c0000 - 0x00007fface1e3000 	C:\WINDOWS\SYSTEM32\WINMM.dll
0x00007fface190000 - 0x00007fface1bc000 	C:\WINDOWS\SYSTEM32\WINMMBASE.dll
0x00007ffad09b0000 - 0x00007ffad09f4000 	C:\WINDOWS\system32\cfgmgr32.dll
0x00007fface9e0000 - 0x00007ffacea07000 	C:\WINDOWS\SYSTEM32\DEVOBJ.dll
0x00000000641a0000 - 0x00000000641af000 	C:\Program Files\Java\jdk1.7.0_40\jre\bin\verify.dll
0x0000000064170000 - 0x0000000064198000 	C:\Program Files\Java\jdk1.7.0_40\jre\bin\java.dll
0x0000000064150000 - 0x0000000064165000 	C:\Program Files\Java\jdk1.7.0_40\jre\bin\zip.dll
0x0000000064130000 - 0x0000000064149000 	C:\Program Files\Java\jdk1.7.0_40\jre\bin\net.dll
0x00007ffacfe90000 - 0x00007ffacfeed000 	C:\WINDOWS\system32\mswsock.dll
0x0000000064110000 - 0x0000000064121000 	C:\Program Files\Java\jdk1.7.0_40\jre\bin\nio.dll

VM Arguments:
jvm_args: -Xmx1024M -Dfile.encoding=windows-1250 -Duser.country=SK -Duser.language=sk -Duser.variant 
java_command: com.android.dx.command.Main --dex --output C:\Users\Juraj\OneDrive\Dokumenty\School\Software Engineering II\SmartHouse\app\build\intermediates\pre-dexed\debug\classes-ae69a8d100324f9bc20e388d47ff2cfb5a157113.jar C:\Users\Juraj\OneDrive\Dokumenty\School\Software Engineering II\SmartHouse\app\build\intermediates\exploded-aar\com.android.support\appcompat-v7\22.1.0\jars\classes.jar
Launcher Type: SUN_STANDARD

Environment Variables:
JAVA_HOME=C:\Program Files\Java\jdk1.7.0_40
PATH=C:\ProgramData\Oracle\Java\javapath;C:\Program Files (x86)\ActiveState Komodo Edit 9 nightly\;C:\Program Files (x86)\Common Files\Intel\Shared Files\cpp\bin\Intel64;C:\PROGRAM FILES (X86)\INTEL\ICLS CLIENT\;C:\PROGRAM FILES\INTEL\ICLS CLIENT\;C:\WINDOWS\SYSTEM32;C:\WINDOWS;C:\WINDOWS\SYSTEM32\WBEM;C:\WINDOWS\SYSTEM32\WINDOWSPOWERSHELL\V1.0\;C:\PROGRAM FILES\INTEL\INTEL(R) MANAGEMENT ENGINE COMPONENTS\DAL;C:\PROGRAM FILES\INTEL\INTEL(R) MANAGEMENT ENGINE COMPONENTS\IPT;C:\PROGRAM FILES (X86)\INTEL\INTEL(R) MANAGEMENT ENGINE COMPONENTS\DAL;C:\PROGRAM FILES (X86)\INTEL\INTEL(R) MANAGEMENT ENGINE COMPONENTS\IPT;C:\PROGRAM FILES (X86)\INTEL\OPENCL SDK\2.0\BIN\X86;C:\PROGRAM FILES (X86)\INTEL\OPENCL SDK\2.0\BIN\X64;C:\PROGRAMDATA\LENOVO\READYAPPS;C:\PROGRAM FILES\INTEL\WIFI\BIN\;C:\PROGRAM FILES\COMMON FILES\INTEL\WIRELESSCOMMON\;C:/USERS/JURAJ/DESKTOP/SDK/TOOLS;C:\USERS\JURAJ\DESKTOP\APACHE-ANT-1.9.4\BIN;C:\PROGRAM FILES (X86)\COMMON FILES\LENOVO\EASYPLUSSDK\BIN;C:\Program Files\ThinkPad\Bluetooth Software\;C:\Program Files\ThinkPad\Bluetooth Software\syswow64;C:\Program Files (x86)\Windows Live\Shared;C:\Program Files (x86)\Tupi\lib;C:\Program Files (x86)\Tupi\lib\qt5;C:\Program Files (x86)\Tupi\lib\libav;C:\Program Files\Microsoft\Web Platform Installer\;C:\Program Files\gs\gs9.15\bin;C:\Program Files\gs\gs9.15\lib;C:\Program Files\Mercurial\;C:\WINDOWS\system32;C:\WINDOWS;C:\WINDOWS\System32\Wbem;C:\WINDOWS\System32\WindowsPowerShell\v1.0\;C:\Program Files (x86)\Skype\Phone\;C:\Program Files (x86)\MySQL\MySQL Fabric 1.5 & MySQL Utilities 1.5\;C:\Program Files (x86)\MySQL\MySQL Fabric 1.5 & MySQL Utilities 1.5\Doctrine extensions for PHP\;C:\Program Files\Intel\WiFi\bin\;C:\Program Files\Common Files\Intel\WirelessCommon\;C:\Users\Juraj\GRADLE_HOME/bin;C:/Program Files (x86)/adt-bundle-windows-x86_64-20131030/sdk/sources/android-19/com/android/commands;C:/Program Files/Java/jdk1.7.0_40/bin;C:/Users/Juraj/Desktop/sdk/tools;C:\Users\Juraj\Desktop\apache-ant-1.9.4\bin;
USERNAME=Juraj
OS=Windows_NT
PROCESSOR_IDENTIFIER=Intel64 Family 6 Model 58 Stepping 9, GenuineIntel



---------------  S Y S T E M  ---------------

OS: Windows 8 , 64 bit Build 9200 

CPU:total 4 (2 cores per cpu, 2 threads per core) family 6 model 58 stepping 9, cmov, cx8, fxsr, mmx, sse, sse2, sse3, ssse3, sse4.1, sse4.2, popcnt, avx, aes, erms, ht, tsc, tscinvbit, tscinv

Memory: 4k page, physical 4008860k(296244k free), swap 8814892k(2088k free)

vm_info: Java HotSpot(TM) 64-Bit Server VM (24.0-b56) for windows-amd64 JRE (1.7.0_40-b43), built on Aug 26 2013 22:38:32 by "java_re" with unknown MS VC++:1600

time: Sun Nov 15 18:17:19 2015
elapsed time: 6 seconds

