#
# There is insufficient memory for the Java Runtime Environment to continue.
# Native memory allocation (malloc) failed to allocate 347776 bytes for Chunk::new
# Possible reasons:
#   The system is out of physical RAM or swap space
#   In 32 bit mode, the process size limit was hit
# Possible solutions:
#   Reduce memory load on the system
#   Increase physical memory or swap space
#   Check if swap backing store is full
#   Use 64 bit Java on a 64 bit OS
#   Decrease Java heap size (-Xmx/-Xms)
#   Decrease number of Java threads
#   Decrease Java thread stack sizes (-Xss)
#   Set larger code cache with -XX:ReservedCodeCacheSize=
# This output file may be truncated or incomplete.
#
#  Out of Memory Error (allocation.cpp:323), pid=3136, tid=13744
#
# JRE version: Java(TM) SE Runtime Environment (7.0_40-b43) (build 1.7.0_40-b43)
# Java VM: Java HotSpot(TM) 64-Bit Server VM (24.0-b56 mixed mode windows-amd64 compressed oops)
# Failed to write core dump. Minidumps are not enabled by default on client versions of Windows
#

---------------  T H R E A D  ---------------

Current thread (0x0000000008915000):  JavaThread "C2 CompilerThread0" daemon [_thread_in_native, id=13744, stack(0x0000000009ea0000,0x0000000009fa0000)]

Stack: [0x0000000009ea0000,0x0000000009fa0000]

Current CompileTask:
C2:   8063  264             com.android.dx.ssa.SCCP::addUsersToWorklist (103 bytes)


---------------  P R O C E S S  ---------------

Java Threads: ( => current thread )
  0x0000000008925800 JavaThread "Service Thread" daemon [_thread_blocked, id=3600, stack(0x000000000a0a0000,0x000000000a1a0000)]
  0x000000000891f000 JavaThread "C2 CompilerThread1" daemon [_thread_blocked, id=6504, stack(0x0000000009fa0000,0x000000000a0a0000)]
=>0x0000000008915000 JavaThread "C2 CompilerThread0" daemon [_thread_in_native, id=13744, stack(0x0000000009ea0000,0x0000000009fa0000)]
  0x0000000008914000 JavaThread "Attach Listener" daemon [_thread_blocked, id=1724, stack(0x0000000009da0000,0x0000000009ea0000)]
  0x0000000008911000 JavaThread "Signal Dispatcher" daemon [_thread_blocked, id=5212, stack(0x0000000009ca0000,0x0000000009da0000)]
  0x00000000088df000 JavaThread "Finalizer" daemon [_thread_blocked, id=6424, stack(0x0000000009ba0000,0x0000000009ca0000)]
  0x00000000088d3800 JavaThread "Reference Handler" daemon [_thread_blocked, id=11500, stack(0x0000000009aa0000,0x0000000009ba0000)]
  0x000000000287e800 JavaThread "main" [_thread_in_Java, id=5536, stack(0x0000000002730000,0x0000000002830000)]

Other Threads:
  0x00000000088d1800 VMThread [stack: 0x00000000099a0000,0x0000000009aa0000] [id=9080]
  0x0000000008933800 WatcherThread [stack: 0x000000000a1a0000,0x000000000a2a0000] [id=6428]

VM state:not at safepoint (normal execution)

VM Mutex/Monitor currently owned by a thread: None

Heap
 PSYoungGen      total 18432K, used 6641K [0x00000000eaa80000, 0x00000000ebf00000, 0x0000000100000000)
  eden space 15872K, 25% used [0x00000000eaa80000,0x00000000eae81e78,0x00000000eba00000)
  from space 2560K, 99% used [0x00000000ebc80000,0x00000000ebefa968,0x00000000ebf00000)
  to   space 2560K, 0% used [0x00000000eba00000,0x00000000eba00000,0x00000000ebc80000)
 ParOldGen       total 41472K, used 3672K [0x00000000c0000000, 0x00000000c2880000, 0x00000000eaa80000)
  object space 41472K, 8% used [0x00000000c0000000,0x00000000c0396218,0x00000000c2880000)
 PSPermGen       total 21504K, used 5460K [0x00000000bae00000, 0x00000000bc300000, 0x00000000c0000000)
  object space 21504K, 25% used [0x00000000bae00000,0x00000000bb3553b8,0x00000000bc300000)

Card table byte_map: [0x0000000005b40000,0x0000000005d70000] byte_map_base: 0x0000000005569000

Polling page: 0x0000000000ef0000

Code Cache  [0x0000000002a80000, 0x0000000002cf0000, 0x0000000005a80000)
 total_blobs=497 nmethods=264 adapters=185 free_code_cache=48018Kb largest_free_block=49141440

Compilation events (10 events):
Event: 7.954 Thread 0x000000000891f000 nmethod 260 0x0000000002b8ba10 code [0x0000000002b8bb60, 0x0000000002b8be58]
Event: 8.013 Thread 0x0000000008915000  261             com.android.dx.rop.code.LocalItem::compareHandlesNulls (25 bytes)
Event: 8.014 Thread 0x0000000008915000 nmethod 261 0x0000000002b8b650 code [0x0000000002b8b780, 0x0000000002b8b8d8]
Event: 8.020 Thread 0x000000000891f000  262             com.android.dx.cf.code.Ropper::addExceptionSetupBlocks (203 bytes)
Event: 8.032 Thread 0x0000000008915000  263             com.android.dx.ssa.SsaRenamer$BlockRenamer::processResultReg (56 bytes)
Event: 8.035 Thread 0x0000000008915000 nmethod 263 0x0000000002b996d0 code [0x0000000002b99820, 0x0000000002b99958]
Event: 8.035 Thread 0x0000000008915000  264             com.android.dx.ssa.SCCP::addUsersToWorklist (103 bytes)
Event: 8.046 Thread 0x000000000891f000 nmethod 262 0x0000000002b95890 code [0x0000000002b95b00, 0x0000000002b964e0]
Event: 8.046 Thread 0x000000000891f000  265             com.android.dx.rop.code.BasicBlockList::set (12 bytes)
Event: 8.051 Thread 0x000000000891f000 nmethod 265 0x0000000002b976d0 code [0x0000000002b97840, 0x0000000002b97a58]

GC Heap History (4 events):
Event: 5.562 GC heap before
{Heap before GC invocations=1 (full 0):
 PSYoungGen      total 18432K, used 15872K [0x00000000eaa80000, 0x00000000ebf00000, 0x0000000100000000)
  eden space 15872K, 100% used [0x00000000eaa80000,0x00000000eba00000,0x00000000eba00000)
  from space 2560K, 0% used [0x00000000ebc80000,0x00000000ebc80000,0x00000000ebf00000)
  to   space 2560K, 0% used [0x00000000eba00000,0x00000000eba00000,0x00000000ebc80000)
 ParOldGen       total 41472K, used 0K [0x00000000c0000000, 0x00000000c2880000, 0x00000000eaa80000)
  object space 41472K, 0% used [0x00000000c0000000,0x00000000c0000000,0x00000000c2880000)
 PSPermGen       total 21504K, used 5309K [0x00000000bae00000, 0x00000000bc300000, 0x00000000c0000000)
  object space 21504K, 24% used [0x00000000bae00000,0x00000000bb32f7b8,0x00000000bc300000)
Event: 5.639 GC heap after
Heap after GC invocations=1 (full 0):
 PSYoungGen      total 18432K, used 2532K [0x00000000eaa80000, 0x00000000ebf00000, 0x0000000100000000)
  eden space 15872K, 0% used [0x00000000eaa80000,0x00000000eaa80000,0x00000000eba00000)
  from space 2560K, 98% used [0x00000000eba00000,0x00000000ebc79008,0x00000000ebc80000)
  to   space 2560K, 0% used [0x00000000ebc80000,0x00000000ebc80000,0x00000000ebf00000)
 ParOldGen       total 41472K, used 1724K [0x00000000c0000000, 0x00000000c2880000, 0x00000000eaa80000)
  object space 41472K, 4% used [0x00000000c0000000,0x00000000c01af2a0,0x00000000c2880000)
 PSPermGen       total 21504K, used 5309K [0x00000000bae00000, 0x00000000bc300000, 0x00000000c0000000)
  object space 21504K, 24% used [0x00000000bae00000,0x00000000bb32f7b8,0x00000000bc300000)
}
Event: 7.771 GC heap before
{Heap before GC invocations=2 (full 0):
 PSYoungGen      total 18432K, used 18404K [0x00000000eaa80000, 0x00000000ebf00000, 0x0000000100000000)
  eden space 15872K, 100% used [0x00000000eaa80000,0x00000000eba00000,0x00000000eba00000)
  from space 2560K, 98% used [0x00000000eba00000,0x00000000ebc79008,0x00000000ebc80000)
  to   space 2560K, 0% used [0x00000000ebc80000,0x00000000ebc80000,0x00000000ebf00000)
 ParOldGen       total 41472K, used 1724K [0x00000000c0000000, 0x00000000c2880000, 0x00000000eaa80000)
  object space 41472K, 4% used [0x00000000c0000000,0x00000000c01af2a0,0x00000000c2880000)
 PSPermGen       total 21504K, used 5448K [0x00000000bae00000, 0x00000000bc300000, 0x00000000c0000000)
  object space 21504K, 25% used [0x00000000bae00000,0x00000000bb3521b0,0x00000000bc300000)
Event: 7.804 GC heap after
Heap after GC invocations=2 (full 0):
 PSYoungGen      total 18432K, used 2538K [0x00000000eaa80000, 0x00000000ebf00000, 0x0000000100000000)
  eden space 15872K, 0% used [0x00000000eaa80000,0x00000000eaa80000,0x00000000eba00000)
  from space 2560K, 99% used [0x00000000ebc80000,0x00000000ebefa968,0x00000000ebf00000)
  to   space 2560K, 0% used [0x00000000eba00000,0x00000000eba00000,0x00000000ebc80000)
 ParOldGen       total 41472K, used 3672K [0x00000000c0000000, 0x00000000c2880000, 0x00000000eaa80000)
  object space 41472K, 8% used [0x00000000c0000000,0x00000000c0396218,0x00000000c2880000)
 PSPermGen       total 21504K, used 5448K [0x00000000bae00000, 0x00000000bc300000, 0x00000000c0000000)
  object space 21504K, 25% used [0x00000000bae00000,0x00000000bb3521b0,0x00000000bc300000)
}

Deoptimization events (3 events):
Event: 3.702 Thread 0x000000000287e800 Uncommon trap: reason=null_check action=make_not_entrant pc=0x0000000002afb874 method=com.android.dx.rop.code.LocalItem.equals(Ljava/lang/Object;)Z @ 1
Event: 6.392 Thread 0x000000000287e800 Uncommon trap: reason=null_check action=make_not_entrant pc=0x0000000002b33860 method=com.android.dx.rop.code.RegisterSpec.equals(Ljava/lang/Object;)Z @ 1
Event: 6.476 Thread 0x000000000287e800 Uncommon trap: reason=null_check action=make_not_entrant pc=0x0000000002b3840c method=com.android.dx.ssa.SsaRenamer.getLocalForNewReg(I)Lcom/android/dx/rop/code/LocalItem; @ 19

Internal exceptions (10 events):
Event: 2.592 Thread 0x000000000287e800 Threw 0x00000000eb2184b8 at C:\jdk7u2_64p\jdk7u40\hotspot\src\share\vm\prims\jvm.cpp:1244
Event: 2.985 Thread 0x000000000287e800 Threw 0x00000000eb2f7c58 at C:\jdk7u2_64p\jdk7u40\hotspot\src\share\vm\prims\jvm.cpp:1244
Event: 2.987 Thread 0x000000000287e800 Threw 0x00000000eb302118 at C:\jdk7u2_64p\jdk7u40\hotspot\src\share\vm\prims\jvm.cpp:1244
Event: 3.227 Thread 0x000000000287e800 Threw 0x00000000eb360cc8 at C:\jdk7u2_64p\jdk7u40\hotspot\src\share\vm\prims\jvm.cpp:1244
Event: 3.513 Thread 0x000000000287e800 Threw 0x00000000eb440d90 at C:\jdk7u2_64p\jdk7u40\hotspot\src\share\vm\prims\jvm.cpp:1244
Event: 3.514 Thread 0x000000000287e800 Threw 0x00000000eb44add0 at C:\jdk7u2_64p\jdk7u40\hotspot\src\share\vm\prims\jvm.cpp:1244
Event: 3.516 Thread 0x000000000287e800 Threw 0x00000000eb44d368 at C:\jdk7u2_64p\jdk7u40\hotspot\src\share\vm\prims\jvm.cpp:1244
Event: 3.702 Thread 0x000000000287e800 Implicit null exception at 0x0000000002afb51b to 0x0000000002afb861
Event: 6.392 Thread 0x000000000287e800 Implicit null exception at 0x0000000002b3273c to 0x0000000002b33831
Event: 6.476 Thread 0x000000000287e800 Implicit null exception at 0x0000000002b37048 to 0x0000000002b383e1

Events (10 events):
Event: 7.805 Executing VM operation: RevokeBias
Event: 7.805 Executing VM operation: RevokeBias done
Event: 7.805 Executing VM operation: RevokeBias
Event: 7.805 Executing VM operation: RevokeBias done
Event: 7.805 Executing VM operation: RevokeBias
Event: 7.805 Executing VM operation: RevokeBias done
Event: 7.805 Executing VM operation: RevokeBias
Event: 7.805 Executing VM operation: RevokeBias done
Event: 7.805 Executing VM operation: RevokeBias
Event: 7.805 Executing VM operation: RevokeBias done


Dynamic libraries:
0x00007ff6f1400000 - 0x00007ff6f1433000 	C:\Program Files\Java\jdk1.7.0_40\bin\java.exe
0x00007ffad3bf0000 - 0x00007ffad3db1000 	C:\WINDOWS\SYSTEM32\ntdll.dll
0x00007ffad1c20000 - 0x00007ffad1ccd000 	C:\WINDOWS\system32\KERNEL32.DLL
0x00007ffad10e0000 - 0x00007ffad12bd000 	C:\WINDOWS\system32\KERNELBASE.dll
0x00007ffad38c0000 - 0x00007ffad3966000 	C:\WINDOWS\system32\ADVAPI32.dll
0x00007ffad1490000 - 0x00007ffad152d000 	C:\WINDOWS\system32\msvcrt.dll
0x00007ffad3860000 - 0x00007ffad38bb000 	C:\WINDOWS\system32\sechost.dll
0x00007ffad1f00000 - 0x00007ffad2026000 	C:\WINDOWS\system32\RPCRT4.dll
0x00007ffad19e0000 - 0x00007ffad1b2e000 	C:\WINDOWS\system32\USER32.dll
0x00007ffad1850000 - 0x00007ffad19d6000 	C:\WINDOWS\system32\GDI32.dll
0x00007ffacf460000 - 0x00007ffacf6d4000 	C:\WINDOWS\WinSxS\amd64_microsoft.windows.common-controls_6595b64144ccf1df_6.0.10240.16384_none_f41f7b285750ef43\COMCTL32.dll
0x00007ffad1680000 - 0x00007ffad16b6000 	C:\WINDOWS\system32\IMM32.DLL
0x00007ffad1d90000 - 0x00007ffad1eec000 	C:\WINDOWS\system32\MSCTF.dll
0x0000000063d30000 - 0x0000000063e01000 	C:\Program Files\Java\jdk1.7.0_40\jre\bin\msvcr100.dll
0x00000000641b0000 - 0x0000000064979000 	C:\Program Files\Java\jdk1.7.0_40\jre\bin\server\jvm.dll
0x00007ffad3850000 - 0x00007ffad3858000 	C:\WINDOWS\system32\PSAPI.DLL
0x00007ffac59c0000 - 0x00007ffac59c9000 	C:\WINDOWS\SYSTEM32\WSOCK32.dll
0x00007ffad1bb0000 - 0x00007ffad1c19000 	C:\WINDOWS\system32\WS2_32.dll
0x00007ffad1ef0000 - 0x00007ffad1ef8000 	C:\WINDOWS\system32\NSI.dll
0x00007fface1c0000 - 0x00007fface1e3000 	C:\WINDOWS\SYSTEM32\WINMM.dll
0x00007fface190000 - 0x00007fface1bc000 	C:\WINDOWS\SYSTEM32\WINMMBASE.dll
0x00007ffad09b0000 - 0x00007ffad09f4000 	C:\WINDOWS\system32\cfgmgr32.dll
0x00007fface9e0000 - 0x00007ffacea07000 	C:\WINDOWS\SYSTEM32\DEVOBJ.dll
0x00000000641a0000 - 0x00000000641af000 	C:\Program Files\Java\jdk1.7.0_40\jre\bin\verify.dll
0x0000000064170000 - 0x0000000064198000 	C:\Program Files\Java\jdk1.7.0_40\jre\bin\java.dll
0x0000000064150000 - 0x0000000064165000 	C:\Program Files\Java\jdk1.7.0_40\jre\bin\zip.dll
0x0000000064130000 - 0x0000000064149000 	C:\Program Files\Java\jdk1.7.0_40\jre\bin\net.dll
0x00007ffacfe90000 - 0x00007ffacfeed000 	C:\WINDOWS\system32\mswsock.dll
0x0000000064110000 - 0x0000000064121000 	C:\Program Files\Java\jdk1.7.0_40\jre\bin\nio.dll

VM Arguments:
jvm_args: -Xmx1024M -Dfile.encoding=windows-1250 -Duser.country=SK -Duser.language=sk -Duser.variant 
java_command: com.android.dx.command.Main --dex --output C:\Users\Juraj\OneDrive\Dokumenty\School\Software Engineering II\SmartHouse\app\build\intermediates\pre-dexed\debug\org.eclipse.persistence.moxy-2.6.0-4fc866c4e17ea844ee2600e88ee9bf8cd80bfec2.jar C:\Users\Juraj\.gradle\caches\modules-2\files-2.1\org.eclipse.persistence\org.eclipse.persistence.moxy\2.6.0\64cd338ef866a29892caedd661a6b00ec4d02730\org.eclipse.persistence.moxy-2.6.0.jar
Launcher Type: SUN_STANDARD

Environment Variables:
JAVA_HOME=C:\Program Files\Java\jdk1.7.0_40
PATH=C:\ProgramData\Oracle\Java\javapath;C:\Program Files (x86)\ActiveState Komodo Edit 9 nightly\;C:\Program Files (x86)\Common Files\Intel\Shared Files\cpp\bin\Intel64;C:\PROGRAM FILES (X86)\INTEL\ICLS CLIENT\;C:\PROGRAM FILES\INTEL\ICLS CLIENT\;C:\WINDOWS\SYSTEM32;C:\WINDOWS;C:\WINDOWS\SYSTEM32\WBEM;C:\WINDOWS\SYSTEM32\WINDOWSPOWERSHELL\V1.0\;C:\PROGRAM FILES\INTEL\INTEL(R) MANAGEMENT ENGINE COMPONENTS\DAL;C:\PROGRAM FILES\INTEL\INTEL(R) MANAGEMENT ENGINE COMPONENTS\IPT;C:\PROGRAM FILES (X86)\INTEL\INTEL(R) MANAGEMENT ENGINE COMPONENTS\DAL;C:\PROGRAM FILES (X86)\INTEL\INTEL(R) MANAGEMENT ENGINE COMPONENTS\IPT;C:\PROGRAM FILES (X86)\INTEL\OPENCL SDK\2.0\BIN\X86;C:\PROGRAM FILES (X86)\INTEL\OPENCL SDK\2.0\BIN\X64;C:\PROGRAMDATA\LENOVO\READYAPPS;C:\PROGRAM FILES\INTEL\WIFI\BIN\;C:\PROGRAM FILES\COMMON FILES\INTEL\WIRELESSCOMMON\;C:/USERS/JURAJ/DESKTOP/SDK/TOOLS;C:\USERS\JURAJ\DESKTOP\APACHE-ANT-1.9.4\BIN;C:\PROGRAM FILES (X86)\COMMON FILES\LENOVO\EASYPLUSSDK\BIN;C:\Program Files\ThinkPad\Bluetooth Software\;C:\Program Files\ThinkPad\Bluetooth Software\syswow64;C:\Program Files (x86)\Windows Live\Shared;C:\Program Files (x86)\Tupi\lib;C:\Program Files (x86)\Tupi\lib\qt5;C:\Program Files (x86)\Tupi\lib\libav;C:\Program Files\Microsoft\Web Platform Installer\;C:\Program Files\gs\gs9.15\bin;C:\Program Files\gs\gs9.15\lib;C:\Program Files\Mercurial\;C:\WINDOWS\system32;C:\WINDOWS;C:\WINDOWS\System32\Wbem;C:\WINDOWS\System32\WindowsPowerShell\v1.0\;C:\Program Files (x86)\Skype\Phone\;C:\Program Files (x86)\MySQL\MySQL Fabric 1.5 & MySQL Utilities 1.5\;C:\Program Files (x86)\MySQL\MySQL Fabric 1.5 & MySQL Utilities 1.5\Doctrine extensions for PHP\;C:\Program Files\Intel\WiFi\bin\;C:\Program Files\Common Files\Intel\WirelessCommon\;C:\Users\Juraj\GRADLE_HOME/bin;C:/Program Files (x86)/adt-bundle-windows-x86_64-20131030/sdk/sources/android-19/com/android/commands;C:/Program Files/Java/jdk1.7.0_40/bin;C:/Users/Juraj/Desktop/sdk/tools;C:\Users\Juraj\Desktop\apache-ant-1.9.4\bin;
USERNAME=Juraj
OS=Windows_NT
PROCESSOR_IDENTIFIER=Intel64 Family 6 Model 58 Stepping 9, GenuineIntel



---------------  S Y S T E M  ---------------

OS: Windows 8 , 64 bit Build 9200 

CPU:total 4 (2 cores per cpu, 2 threads per core) family 6 model 58 stepping 9, cmov, cx8, fxsr, mmx, sse, sse2, sse3, ssse3, sse4.1, sse4.2, popcnt, avx, aes, erms, ht, tsc, tscinvbit, tscinv

Memory: 4k page, physical 4008860k(246312k free), swap 8814892k(4180k free)

vm_info: Java HotSpot(TM) 64-Bit Server VM (24.0-b56) for windows-amd64 JRE (1.7.0_40-b43), built on Aug 26 2013 22:38:32 by "java_re" with unknown MS VC++:1600

time: Sun Nov 15 18:17:15 2015
elapsed time: 8 seconds

