#
# There is insufficient memory for the Java Runtime Environment to continue.
# Native memory allocation (malloc) failed to allocate 1151568 bytes for Chunk::new
# Possible reasons:
#   The system is out of physical RAM or swap space
#   In 32 bit mode, the process size limit was hit
# Possible solutions:
#   Reduce memory load on the system
#   Increase physical memory or swap space
#   Check if swap backing store is full
#   Use 64 bit Java on a 64 bit OS
#   Decrease Java heap size (-Xmx/-Xms)
#   Decrease number of Java threads
#   Decrease Java thread stack sizes (-Xss)
#   Set larger code cache with -XX:ReservedCodeCacheSize=
# This output file may be truncated or incomplete.
#
#  Out of Memory Error (allocation.cpp:323), pid=13072, tid=852
#
# JRE version: Java(TM) SE Runtime Environment (7.0_40-b43) (build 1.7.0_40-b43)
# Java VM: Java HotSpot(TM) 64-Bit Server VM (24.0-b56 mixed mode windows-amd64 compressed oops)
# Failed to write core dump. Minidumps are not enabled by default on client versions of Windows
#

---------------  T H R E A D  ---------------

Current thread (0x0000000008305800):  JavaThread "C2 CompilerThread0" daemon [_thread_in_native, id=852, stack(0x0000000009870000,0x0000000009970000)]

Stack: [0x0000000009870000,0x0000000009970000]

Current CompileTask:
C2:   5922  281   !         com.android.dx.cf.code.BytecodeArray::parseInstruction (2764 bytes)


---------------  P R O C E S S  ---------------

Java Threads: ( => current thread )
  0x0000000008318000 JavaThread "Service Thread" daemon [_thread_blocked, id=1676, stack(0x0000000009a70000,0x0000000009b70000)]
  0x000000000830f800 JavaThread "C2 CompilerThread1" daemon [_thread_blocked, id=12796, stack(0x0000000009970000,0x0000000009a70000)]
=>0x0000000008305800 JavaThread "C2 CompilerThread0" daemon [_thread_in_native, id=852, stack(0x0000000009870000,0x0000000009970000)]
  0x0000000008304800 JavaThread "Attach Listener" daemon [_thread_blocked, id=5700, stack(0x0000000009770000,0x0000000009870000)]
  0x0000000008301000 JavaThread "Signal Dispatcher" daemon [_thread_blocked, id=13756, stack(0x0000000009670000,0x0000000009770000)]
  0x00000000082c9000 JavaThread "Finalizer" daemon [_thread_blocked, id=6068, stack(0x0000000009570000,0x0000000009670000)]
  0x00000000082c3800 JavaThread "Reference Handler" daemon [_thread_blocked, id=11288, stack(0x0000000009470000,0x0000000009570000)]
  0x00000000009de800 JavaThread "main" [_thread_in_Java, id=7360, stack(0x0000000002250000,0x0000000002350000)]

Other Threads:
  0x00000000082c1800 VMThread [stack: 0x0000000009370000,0x0000000009470000] [id=11412]
  0x0000000008326000 WatcherThread [stack: 0x0000000009b70000,0x0000000009c70000] [id=11224]

VM state:not at safepoint (normal execution)

VM Mutex/Monitor currently owned by a thread: None

Heap
 PSYoungGen      total 18432K, used 9807K [0x00000000eaa80000, 0x00000000ebf00000, 0x0000000100000000)
  eden space 15872K, 45% used [0x00000000eaa80000,0x00000000eb19be88,0x00000000eba00000)
  from space 2560K, 98% used [0x00000000ebc80000,0x00000000ebef8028,0x00000000ebf00000)
  to   space 2560K, 0% used [0x00000000eba00000,0x00000000eba00000,0x00000000ebc80000)
 ParOldGen       total 41472K, used 4881K [0x00000000c0000000, 0x00000000c2880000, 0x00000000eaa80000)
  object space 41472K, 11% used [0x00000000c0000000,0x00000000c04c4730,0x00000000c2880000)
 PSPermGen       total 21504K, used 5492K [0x00000000bae00000, 0x00000000bc300000, 0x00000000c0000000)
  object space 21504K, 25% used [0x00000000bae00000,0x00000000bb35d298,0x00000000bc300000)

Card table byte_map: [0x0000000005510000,0x0000000005740000] byte_map_base: 0x0000000004f39000

Polling page: 0x00000000009a0000

Code Cache  [0x0000000002450000, 0x00000000026c0000, 0x0000000005450000)
 total_blobs=516 nmethods=283 adapters=185 free_code_cache=48010Kb largest_free_block=49128704

Compilation events (10 events):
Event: 5.836 Thread 0x000000000830f800 nmethod 280 0x000000000256d390 code [0x000000000256d4e0, 0x000000000256d6b8]
Event: 5.843 Thread 0x0000000008305800  281   !         com.android.dx.cf.code.BytecodeArray::parseInstruction (2764 bytes)
Event: 5.847 Thread 0x000000000830f800  282             com.android.dx.cf.code.ByteOps::opInfo (6 bytes)
Event: 5.848 Thread 0x000000000830f800 nmethod 282 0x00000000025558d0 code [0x0000000002555a00, 0x0000000002555a58]
Event: 5.862 Thread 0x000000000830f800  283             com.android.dx.cf.code.Ropper::addExceptionSetupBlocks (203 bytes)
Event: 5.886 Thread 0x000000000830f800 nmethod 283 0x0000000002573e50 code [0x00000000025740c0, 0x0000000002574a80]
Event: 5.886 Thread 0x000000000830f800  284             com.android.dx.rop.code.CstInsn::<init> (31 bytes)
Event: 5.887 Thread 0x000000000830f800 nmethod 284 0x000000000256cfd0 code [0x000000000256d120, 0x000000000256d258]
Event: 5.887 Thread 0x000000000830f800  285             com.android.dx.ssa.SsaMethod::getExitBlock (26 bytes)
Event: 5.889 Thread 0x000000000830f800 nmethod 285 0x000000000256cc10 code [0x000000000256cd60, 0x000000000256ce38]

GC Heap History (4 events):
Event: 2.971 GC heap before
{Heap before GC invocations=1 (full 0):
 PSYoungGen      total 18432K, used 15872K [0x00000000eaa80000, 0x00000000ebf00000, 0x0000000100000000)
  eden space 15872K, 100% used [0x00000000eaa80000,0x00000000eba00000,0x00000000eba00000)
  from space 2560K, 0% used [0x00000000ebc80000,0x00000000ebc80000,0x00000000ebf00000)
  to   space 2560K, 0% used [0x00000000eba00000,0x00000000eba00000,0x00000000ebc80000)
 ParOldGen       total 41472K, used 0K [0x00000000c0000000, 0x00000000c2880000, 0x00000000eaa80000)
  object space 41472K, 0% used [0x00000000c0000000,0x00000000c0000000,0x00000000c2880000)
 PSPermGen       total 21504K, used 5269K [0x00000000bae00000, 0x00000000bc300000, 0x00000000c0000000)
  object space 21504K, 24% used [0x00000000bae00000,0x00000000bb3257a0,0x00000000bc300000)
Event: 2.995 GC heap after
Heap after GC invocations=1 (full 0):
 PSYoungGen      total 18432K, used 2551K [0x00000000eaa80000, 0x00000000ebf00000, 0x0000000100000000)
  eden space 15872K, 0% used [0x00000000eaa80000,0x00000000eaa80000,0x00000000eba00000)
  from space 2560K, 99% used [0x00000000eba00000,0x00000000ebc7dc78,0x00000000ebc80000)
  to   space 2560K, 0% used [0x00000000ebc80000,0x00000000ebc80000,0x00000000ebf00000)
 ParOldGen       total 41472K, used 2030K [0x00000000c0000000, 0x00000000c2880000, 0x00000000eaa80000)
  object space 41472K, 4% used [0x00000000c0000000,0x00000000c01fbbb8,0x00000000c2880000)
 PSPermGen       total 21504K, used 5269K [0x00000000bae00000, 0x00000000bc300000, 0x00000000c0000000)
  object space 21504K, 24% used [0x00000000bae00000,0x00000000bb3257a0,0x00000000bc300000)
}
Event: 5.123 GC heap before
{Heap before GC invocations=2 (full 0):
 PSYoungGen      total 18432K, used 18423K [0x00000000eaa80000, 0x00000000ebf00000, 0x0000000100000000)
  eden space 15872K, 100% used [0x00000000eaa80000,0x00000000eba00000,0x00000000eba00000)
  from space 2560K, 99% used [0x00000000eba00000,0x00000000ebc7dc78,0x00000000ebc80000)
  to   space 2560K, 0% used [0x00000000ebc80000,0x00000000ebc80000,0x00000000ebf00000)
 ParOldGen       total 41472K, used 2030K [0x00000000c0000000, 0x00000000c2880000, 0x00000000eaa80000)
  object space 41472K, 4% used [0x00000000c0000000,0x00000000c01fbbb8,0x00000000c2880000)
 PSPermGen       total 21504K, used 5476K [0x00000000bae00000, 0x00000000bc300000, 0x00000000c0000000)
  object space 21504K, 25% used [0x00000000bae00000,0x00000000bb3593a8,0x00000000bc300000)
Event: 5.151 GC heap after
Heap after GC invocations=2 (full 0):
 PSYoungGen      total 18432K, used 2528K [0x00000000eaa80000, 0x00000000ebf00000, 0x0000000100000000)
  eden space 15872K, 0% used [0x00000000eaa80000,0x00000000eaa80000,0x00000000eba00000)
  from space 2560K, 98% used [0x00000000ebc80000,0x00000000ebef8028,0x00000000ebf00000)
  to   space 2560K, 0% used [0x00000000eba00000,0x00000000eba00000,0x00000000ebc80000)
 ParOldGen       total 41472K, used 4881K [0x00000000c0000000, 0x00000000c2880000, 0x00000000eaa80000)
  object space 41472K, 11% used [0x00000000c0000000,0x00000000c04c4730,0x00000000c2880000)
 PSPermGen       total 21504K, used 5476K [0x00000000bae00000, 0x00000000bc300000, 0x00000000c0000000)
  object space 21504K, 25% used [0x00000000bae00000,0x00000000bb3593a8,0x00000000bc300000)
}

Deoptimization events (10 events):
Event: 2.213 Thread 0x00000000009de800 Uncommon trap: reason=class_check action=maybe_recompile pc=0x00000000024bc7b4 method=com.android.dx.ssa.NormalSsaInsn.accept(Lcom/android/dx/ssa/SsaInsn$Visitor;)V @ 9
Event: 2.213 Thread 0x00000000009de800 Uncommon trap: reason=class_check action=maybe_recompile pc=0x00000000024bc7b4 method=com.android.dx.ssa.NormalSsaInsn.accept(Lcom/android/dx/ssa/SsaInsn$Visitor;)V @ 9
Event: 2.215 Thread 0x00000000009de800 Uncommon trap: reason=class_check action=maybe_recompile pc=0x00000000024bc7b4 method=com.android.dx.ssa.NormalSsaInsn.accept(Lcom/android/dx/ssa/SsaInsn$Visitor;)V @ 9
Event: 2.216 Thread 0x00000000009de800 Uncommon trap: reason=class_check action=maybe_recompile pc=0x00000000024bc7b4 method=com.android.dx.ssa.NormalSsaInsn.accept(Lcom/android/dx/ssa/SsaInsn$Visitor;)V @ 9
Event: 3.171 Thread 0x00000000009de800 Uncommon trap: reason=null_check action=make_not_entrant pc=0x00000000024d35ec method=com.android.dx.rop.code.LocalItem.equals(Ljava/lang/Object;)Z @ 1
Event: 4.159 Thread 0x00000000009de800 Uncommon trap: reason=null_check action=make_not_entrant pc=0x0000000002502338 method=com.android.dx.rop.code.RegisterSpec.equals(Ljava/lang/Object;)Z @ 1
Event: 4.256 Thread 0x00000000009de800 Uncommon trap: reason=null_check action=make_not_entrant pc=0x00000000025069a0 method=com.android.dx.ssa.SsaRenamer.getLocalForNewReg(I)Lcom/android/dx/rop/code/LocalItem; @ 19
Event: 4.284 Thread 0x00000000009de800 Uncommon trap: reason=null_check action=make_not_entrant pc=0x000000000250015c method=com.android.dx.rop.type.Type.putIntern(Lcom/android/dx/rop/type/Type;)Lcom/android/dx/rop/type/Type; @ 18
Event: 5.233 Thread 0x00000000009de800 Uncommon trap: reason=unreached action=reinterpret pc=0x0000000002526f44 method=com.android.dx.rop.code.LocalVariableExtractor.processBlock(I)V @ 195
Event: 5.301 Thread 0x00000000009de800 Uncommon trap: reason=null_check action=make_not_entrant pc=0x00000000024e9290 method=com.android.dx.rop.type.Type.equals(Ljava/lang/Object;)Z @ 8

Internal exceptions (10 events):
Event: 2.490 Thread 0x00000000009de800 Threw 0x00000000eb7ce088 at C:\jdk7u2_64p\jdk7u40\hotspot\src\share\vm\prims\jvm.cpp:1244
Event: 2.681 Thread 0x00000000009de800 Threw 0x00000000eb8afeb8 at C:\jdk7u2_64p\jdk7u40\hotspot\src\share\vm\prims\jvm.cpp:1244
Event: 2.766 Thread 0x00000000009de800 Threw 0x00000000eb940f38 at C:\jdk7u2_64p\jdk7u40\hotspot\src\share\vm\prims\jvm.cpp:1244
Event: 3.171 Thread 0x00000000009de800 Implicit null exception at 0x00000000024d32aa to 0x00000000024d35d9
Event: 4.076 Thread 0x00000000009de800 Threw 0x00000000eb1d3100 at C:\jdk7u2_64p\jdk7u40\hotspot\src\share\vm\prims\jvm.cpp:1244
Event: 4.159 Thread 0x00000000009de800 Implicit null exception at 0x0000000002501432 to 0x0000000002502301
Event: 4.256 Thread 0x00000000009de800 Implicit null exception at 0x000000000250577a to 0x0000000002506975
Event: 4.284 Thread 0x00000000009de800 Implicit null exception at 0x00000000024ffa57 to 0x0000000002500151
Event: 5.114 Thread 0x00000000009de800 Threw 0x00000000eb9b25e8 at C:\jdk7u2_64p\jdk7u40\hotspot\src\share\vm\prims\jvm.cpp:1244
Event: 5.300 Thread 0x00000000009de800 Implicit null exception at 0x00000000024e9192 to 0x00000000024e9282

Events (10 events):
Event: 5.114 loading class 0x0000000009e36b60 done
Event: 5.123 Executing VM operation: ParallelGCFailedAllocation
Event: 5.151 Executing VM operation: ParallelGCFailedAllocation done
Event: 5.159 Thread 0x000000000830f800 flushing nmethod 0x00000000024bc490
Event: 5.233 Thread 0x00000000009de800 Uncommon trap: trap_request=0xffffffad fr.pc=0x0000000002526f44
Event: 5.233 Thread 0x00000000009de800 DEOPT PACKING pc=0x0000000002526f44 sp=0x000000000234eec0
Event: 5.233 Thread 0x00000000009de800 DEOPT UNPACKING pc=0x00000000024875a4 sp=0x000000000234ee60 mode 2
Event: 5.301 Thread 0x00000000009de800 Uncommon trap: trap_request=0xfffffff4 fr.pc=0x00000000024e9290
Event: 5.301 Thread 0x00000000009de800 DEOPT PACKING pc=0x00000000024e9290 sp=0x000000000234eb20
Event: 5.301 Thread 0x00000000009de800 DEOPT UNPACKING pc=0x00000000024875a4 sp=0x000000000234eab8 mode 2


Dynamic libraries:
0x00007ff6f1400000 - 0x00007ff6f1433000 	C:\Program Files\Java\jdk1.7.0_40\bin\java.exe
0x00007ffad3bf0000 - 0x00007ffad3db1000 	C:\WINDOWS\SYSTEM32\ntdll.dll
0x00007ffad1c20000 - 0x00007ffad1ccd000 	C:\WINDOWS\system32\KERNEL32.DLL
0x00007ffad10e0000 - 0x00007ffad12bd000 	C:\WINDOWS\system32\KERNELBASE.dll
0x00007ffad38c0000 - 0x00007ffad3966000 	C:\WINDOWS\system32\ADVAPI32.dll
0x00007ffad1490000 - 0x00007ffad152d000 	C:\WINDOWS\system32\msvcrt.dll
0x00007ffad3860000 - 0x00007ffad38bb000 	C:\WINDOWS\system32\sechost.dll
0x00007ffad1f00000 - 0x00007ffad2026000 	C:\WINDOWS\system32\RPCRT4.dll
0x00007ffad19e0000 - 0x00007ffad1b2e000 	C:\WINDOWS\system32\USER32.dll
0x00007ffad1850000 - 0x00007ffad19d6000 	C:\WINDOWS\system32\GDI32.dll
0x00007ffacf460000 - 0x00007ffacf6d4000 	C:\WINDOWS\WinSxS\amd64_microsoft.windows.common-controls_6595b64144ccf1df_6.0.10240.16384_none_f41f7b285750ef43\COMCTL32.dll
0x00007ffad1680000 - 0x00007ffad16b6000 	C:\WINDOWS\system32\IMM32.DLL
0x00007ffad1d90000 - 0x00007ffad1eec000 	C:\WINDOWS\system32\MSCTF.dll
0x0000000063d30000 - 0x0000000063e01000 	C:\Program Files\Java\jdk1.7.0_40\jre\bin\msvcr100.dll
0x00000000641b0000 - 0x0000000064979000 	C:\Program Files\Java\jdk1.7.0_40\jre\bin\server\jvm.dll
0x00007ffad3850000 - 0x00007ffad3858000 	C:\WINDOWS\system32\PSAPI.DLL
0x00007ffac59c0000 - 0x00007ffac59c9000 	C:\WINDOWS\SYSTEM32\WSOCK32.dll
0x00007ffad1bb0000 - 0x00007ffad1c19000 	C:\WINDOWS\system32\WS2_32.dll
0x00007ffad1ef0000 - 0x00007ffad1ef8000 	C:\WINDOWS\system32\NSI.dll
0x00007fface1c0000 - 0x00007fface1e3000 	C:\WINDOWS\SYSTEM32\WINMM.dll
0x00007fface190000 - 0x00007fface1bc000 	C:\WINDOWS\SYSTEM32\WINMMBASE.dll
0x00007ffad09b0000 - 0x00007ffad09f4000 	C:\WINDOWS\system32\cfgmgr32.dll
0x00007fface9e0000 - 0x00007ffacea07000 	C:\WINDOWS\SYSTEM32\DEVOBJ.dll
0x00000000641a0000 - 0x00000000641af000 	C:\Program Files\Java\jdk1.7.0_40\jre\bin\verify.dll
0x0000000064170000 - 0x0000000064198000 	C:\Program Files\Java\jdk1.7.0_40\jre\bin\java.dll
0x0000000064150000 - 0x0000000064165000 	C:\Program Files\Java\jdk1.7.0_40\jre\bin\zip.dll
0x0000000064130000 - 0x0000000064149000 	C:\Program Files\Java\jdk1.7.0_40\jre\bin\net.dll
0x00007ffacfe90000 - 0x00007ffacfeed000 	C:\WINDOWS\system32\mswsock.dll
0x0000000064110000 - 0x0000000064121000 	C:\Program Files\Java\jdk1.7.0_40\jre\bin\nio.dll

VM Arguments:
jvm_args: -Xmx1024M -Dfile.encoding=windows-1250 -Duser.country=SK -Duser.language=sk -Duser.variant 
java_command: com.android.dx.command.Main --dex --output C:\Users\Juraj\OneDrive\Dokumenty\School\Software Engineering II\SmartHouse\app\build\intermediates\pre-dexed\debug\javaee-api-7.0-3af0d9ba8a93817ffa0159c89331a2f5b709f9b0.jar C:\Users\Juraj\.gradle\caches\modules-2\files-2.1\javax\javaee-api\7.0\51399f902cc27a808122edcbebfaa1ad989954ba\javaee-api-7.0.jar
Launcher Type: SUN_STANDARD

Environment Variables:
JAVA_HOME=C:\Program Files\Java\jdk1.7.0_40
PATH=C:\ProgramData\Oracle\Java\javapath;C:\Program Files (x86)\ActiveState Komodo Edit 9 nightly\;C:\Program Files (x86)\Common Files\Intel\Shared Files\cpp\bin\Intel64;C:\PROGRAM FILES (X86)\INTEL\ICLS CLIENT\;C:\PROGRAM FILES\INTEL\ICLS CLIENT\;C:\WINDOWS\SYSTEM32;C:\WINDOWS;C:\WINDOWS\SYSTEM32\WBEM;C:\WINDOWS\SYSTEM32\WINDOWSPOWERSHELL\V1.0\;C:\PROGRAM FILES\INTEL\INTEL(R) MANAGEMENT ENGINE COMPONENTS\DAL;C:\PROGRAM FILES\INTEL\INTEL(R) MANAGEMENT ENGINE COMPONENTS\IPT;C:\PROGRAM FILES (X86)\INTEL\INTEL(R) MANAGEMENT ENGINE COMPONENTS\DAL;C:\PROGRAM FILES (X86)\INTEL\INTEL(R) MANAGEMENT ENGINE COMPONENTS\IPT;C:\PROGRAM FILES (X86)\INTEL\OPENCL SDK\2.0\BIN\X86;C:\PROGRAM FILES (X86)\INTEL\OPENCL SDK\2.0\BIN\X64;C:\PROGRAMDATA\LENOVO\READYAPPS;C:\PROGRAM FILES\INTEL\WIFI\BIN\;C:\PROGRAM FILES\COMMON FILES\INTEL\WIRELESSCOMMON\;C:/USERS/JURAJ/DESKTOP/SDK/TOOLS;C:\USERS\JURAJ\DESKTOP\APACHE-ANT-1.9.4\BIN;C:\PROGRAM FILES (X86)\COMMON FILES\LENOVO\EASYPLUSSDK\BIN;C:\Program Files\ThinkPad\Bluetooth Software\;C:\Program Files\ThinkPad\Bluetooth Software\syswow64;C:\Program Files (x86)\Windows Live\Shared;C:\Program Files (x86)\Tupi\lib;C:\Program Files (x86)\Tupi\lib\qt5;C:\Program Files (x86)\Tupi\lib\libav;C:\Program Files\Microsoft\Web Platform Installer\;C:\Program Files\gs\gs9.15\bin;C:\Program Files\gs\gs9.15\lib;C:\Program Files\Mercurial\;C:\WINDOWS\system32;C:\WINDOWS;C:\WINDOWS\System32\Wbem;C:\WINDOWS\System32\WindowsPowerShell\v1.0\;C:\Program Files (x86)\Skype\Phone\;C:\Program Files (x86)\MySQL\MySQL Fabric 1.5 & MySQL Utilities 1.5\;C:\Program Files (x86)\MySQL\MySQL Fabric 1.5 & MySQL Utilities 1.5\Doctrine extensions for PHP\;C:\Program Files\Intel\WiFi\bin\;C:\Program Files\Common Files\Intel\WirelessCommon\;C:\Users\Juraj\GRADLE_HOME/bin;C:/Program Files (x86)/adt-bundle-windows-x86_64-20131030/sdk/sources/android-19/com/android/commands;C:/Program Files/Java/jdk1.7.0_40/bin;C:/Users/Juraj/Desktop/sdk/tools;C:\Users\Juraj\Desktop\apache-ant-1.9.4\bin;
USERNAME=Juraj
OS=Windows_NT
PROCESSOR_IDENTIFIER=Intel64 Family 6 Model 58 Stepping 9, GenuineIntel



---------------  S Y S T E M  ---------------

OS: Windows 8 , 64 bit Build 9200 

CPU:total 4 (2 cores per cpu, 2 threads per core) family 6 model 58 stepping 9, cmov, cx8, fxsr, mmx, sse, sse2, sse3, ssse3, sse4.1, sse4.2, popcnt, avx, aes, erms, ht, tsc, tscinvbit, tscinv

Memory: 4k page, physical 4008860k(238196k free), swap 8814892k(5176k free)

vm_info: Java HotSpot(TM) 64-Bit Server VM (24.0-b56) for windows-amd64 JRE (1.7.0_40-b43), built on Aug 26 2013 22:38:32 by "java_re" with unknown MS VC++:1600

time: Sun Nov 15 18:16:59 2015
elapsed time: 5 seconds

