#
# There is insufficient memory for the Java Runtime Environment to continue.
# Native memory allocation (malloc) failed to allocate 515136 bytes for Chunk::new
# Possible reasons:
#   The system is out of physical RAM or swap space
#   In 32 bit mode, the process size limit was hit
# Possible solutions:
#   Reduce memory load on the system
#   Increase physical memory or swap space
#   Check if swap backing store is full
#   Use 64 bit Java on a 64 bit OS
#   Decrease Java heap size (-Xmx/-Xms)
#   Decrease number of Java threads
#   Decrease Java thread stack sizes (-Xss)
#   Set larger code cache with -XX:ReservedCodeCacheSize=
# This output file may be truncated or incomplete.
#
#  Out of Memory Error (allocation.cpp:323), pid=10448, tid=12316
#
# JRE version: Java(TM) SE Runtime Environment (7.0_40-b43) (build 1.7.0_40-b43)
# Java VM: Java HotSpot(TM) 64-Bit Server VM (24.0-b56 mixed mode windows-amd64 compressed oops)
# Failed to write core dump. Minidumps are not enabled by default on client versions of Windows
#

---------------  T H R E A D  ---------------

Current thread (0x00000000082ef800):  JavaThread "C2 CompilerThread1" daemon [_thread_in_native, id=12316, stack(0x0000000009950000,0x0000000009a50000)]

Stack: [0x0000000009950000,0x0000000009a50000]

Current CompileTask:
C2:   3925  152             com.android.dx.ssa.SsaConverter::placePhiFunctions (394 bytes)


---------------  P R O C E S S  ---------------

Java Threads: ( => current thread )
  0x00000000082f3000 JavaThread "Service Thread" daemon [_thread_blocked, id=6920, stack(0x0000000009a50000,0x0000000009b50000)]
=>0x00000000082ef800 JavaThread "C2 CompilerThread1" daemon [_thread_in_native, id=12316, stack(0x0000000009950000,0x0000000009a50000)]
  0x00000000082e5800 JavaThread "C2 CompilerThread0" daemon [_thread_in_native, id=13572, stack(0x0000000009850000,0x0000000009950000)]
  0x00000000082e4800 JavaThread "Attach Listener" daemon [_thread_blocked, id=13536, stack(0x0000000009750000,0x0000000009850000)]
  0x00000000082e1800 JavaThread "Signal Dispatcher" daemon [_thread_blocked, id=11236, stack(0x0000000009650000,0x0000000009750000)]
  0x00000000082af000 JavaThread "Finalizer" daemon [_thread_blocked, id=7316, stack(0x0000000009550000,0x0000000009650000)]
  0x00000000082a3800 JavaThread "Reference Handler" daemon [_thread_blocked, id=10280, stack(0x0000000009450000,0x0000000009550000)]
  0x000000000090e800 JavaThread "main" [_thread_in_vm, id=10996, stack(0x0000000002110000,0x0000000002210000)]

Other Threads:
  0x00000000082a1800 VMThread [stack: 0x0000000009350000,0x0000000009450000] [id=2084]
  0x0000000008301000 WatcherThread [stack: 0x0000000009b50000,0x0000000009c50000] [id=13196]

VM state:not at safepoint (normal execution)

VM Mutex/Monitor currently owned by a thread: None

Heap
 PSYoungGen      total 18432K, used 5907K [0x00000000eaa80000, 0x00000000ebf00000, 0x0000000100000000)
  eden space 15872K, 21% used [0x00000000eaa80000,0x00000000eadcbbe8,0x00000000eba00000)
  from space 2560K, 98% used [0x00000000eba00000,0x00000000ebc793e8,0x00000000ebc80000)
  to   space 2560K, 0% used [0x00000000ebc80000,0x00000000ebc80000,0x00000000ebf00000)
 ParOldGen       total 41472K, used 2188K [0x00000000c0000000, 0x00000000c2880000, 0x00000000eaa80000)
  object space 41472K, 5% used [0x00000000c0000000,0x00000000c0223008,0x00000000c2880000)
 PSPermGen       total 21504K, used 5305K [0x00000000bae00000, 0x00000000bc300000, 0x00000000c0000000)
  object space 21504K, 24% used [0x00000000bae00000,0x00000000bb32e628,0x00000000bc300000)

Card table byte_map: [0x0000000005510000,0x0000000005740000] byte_map_base: 0x0000000004f39000

Polling page: 0x00000000008f0000

Code Cache  [0x0000000002510000, 0x0000000002780000, 0x0000000005510000)
 total_blobs=384 nmethods=151 adapters=185 free_code_cache=48483Kb largest_free_block=49610752

Compilation events (10 events):
Event: 3.808 Thread 0x00000000082e5800  148             com.android.dx.ssa.SCCP::simulatePhi (169 bytes)
Event: 3.815 Thread 0x00000000082ef800  149             com.android.dx.ssa.SsaInsn::getBlock (5 bytes)
Event: 3.815 Thread 0x00000000082ef800 nmethod 149 0x00000000025b5010 code [0x00000000025b5140, 0x00000000025b5198]
Event: 3.828 Thread 0x00000000082ef800  150             com.android.dx.rop.code.Insn::getPosition (5 bytes)
Event: 3.828 Thread 0x00000000082ef800 nmethod 150 0x00000000025b4e10 code [0x00000000025b4f40, 0x00000000025b4f98]
Event: 3.830 Thread 0x00000000082ef800  151             com.android.dx.rop.code.RegisterSpecSet::equals (106 bytes)
Event: 3.842 Thread 0x00000000082ef800 nmethod 151 0x00000000025b4710 code [0x00000000025b4860, 0x00000000025b4c18]
Event: 3.887 Thread 0x00000000082ef800  152             com.android.dx.ssa.SsaConverter::placePhiFunctions (394 bytes)
Event: 3.895 Thread 0x00000000082e5800 nmethod 148 0x00000000025bd550 code [0x00000000025bd7c0, 0x00000000025bebd0]
Event: 3.898 Thread 0x00000000082e5800  153             com.android.dx.ssa.SsaMethod::mapRegisters (87 bytes)

GC Heap History (2 events):
Event: 3.346 GC heap before
{Heap before GC invocations=1 (full 0):
 PSYoungGen      total 18432K, used 15872K [0x00000000eaa80000, 0x00000000ebf00000, 0x0000000100000000)
  eden space 15872K, 100% used [0x00000000eaa80000,0x00000000eba00000,0x00000000eba00000)
  from space 2560K, 0% used [0x00000000ebc80000,0x00000000ebc80000,0x00000000ebf00000)
  to   space 2560K, 0% used [0x00000000eba00000,0x00000000eba00000,0x00000000ebc80000)
 ParOldGen       total 41472K, used 0K [0x00000000c0000000, 0x00000000c2880000, 0x00000000eaa80000)
  object space 41472K, 0% used [0x00000000c0000000,0x00000000c0000000,0x00000000c2880000)
 PSPermGen       total 21504K, used 5271K [0x00000000bae00000, 0x00000000bc300000, 0x00000000c0000000)
  object space 21504K, 24% used [0x00000000bae00000,0x00000000bb325c08,0x00000000bc300000)
Event: 3.370 GC heap after
Heap after GC invocations=1 (full 0):
 PSYoungGen      total 18432K, used 2532K [0x00000000eaa80000, 0x00000000ebf00000, 0x0000000100000000)
  eden space 15872K, 0% used [0x00000000eaa80000,0x00000000eaa80000,0x00000000eba00000)
  from space 2560K, 98% used [0x00000000eba00000,0x00000000ebc793e8,0x00000000ebc80000)
  to   space 2560K, 0% used [0x00000000ebc80000,0x00000000ebc80000,0x00000000ebf00000)
 ParOldGen       total 41472K, used 2188K [0x00000000c0000000, 0x00000000c2880000, 0x00000000eaa80000)
  object space 41472K, 5% used [0x00000000c0000000,0x00000000c0223008,0x00000000c2880000)
 PSPermGen       total 21504K, used 5271K [0x00000000bae00000, 0x00000000bc300000, 0x00000000c0000000)
  object space 21504K, 24% used [0x00000000bae00000,0x00000000bb325c08,0x00000000bc300000)
}

Deoptimization events (8 events):
Event: 2.388 Thread 0x000000000090e800 Uncommon trap: reason=class_check action=maybe_recompile pc=0x000000000257ea58 method=com.android.dx.ssa.NormalSsaInsn.accept(Lcom/android/dx/ssa/SsaInsn$Visitor;)V @ 9
Event: 2.389 Thread 0x000000000090e800 Uncommon trap: reason=class_check action=maybe_recompile pc=0x000000000257ea58 method=com.android.dx.ssa.NormalSsaInsn.accept(Lcom/android/dx/ssa/SsaInsn$Visitor;)V @ 9
Event: 2.520 Thread 0x000000000090e800 Uncommon trap: reason=class_check action=maybe_recompile pc=0x000000000257ea58 method=com.android.dx.ssa.NormalSsaInsn.accept(Lcom/android/dx/ssa/SsaInsn$Visitor;)V @ 9
Event: 2.747 Thread 0x000000000090e800 Uncommon trap: reason=null_check action=make_not_entrant pc=0x000000000258ad4c method=com.android.dx.rop.code.LocalItem.equals(Ljava/lang/Object;)Z @ 1
Event: 2.870 Thread 0x000000000090e800 Uncommon trap: reason=class_check action=maybe_recompile pc=0x000000000257ea58 method=com.android.dx.ssa.NormalSsaInsn.accept(Lcom/android/dx/ssa/SsaInsn$Visitor;)V @ 9
Event: 2.999 Thread 0x000000000090e800 Uncommon trap: reason=null_check action=make_not_entrant pc=0x000000000259a31c method=com.android.dx.ssa.SsaRenamer.getLocalForNewReg(I)Lcom/android/dx/rop/code/LocalItem; @ 19
Event: 3.588 Thread 0x000000000090e800 Uncommon trap: reason=predicate action=maybe_recompile pc=0x000000000258a054 method=java.util.ArrayList.remove(Ljava/lang/Object;)Z @ 49
Event: 3.909 Thread 0x000000000090e800 Uncommon trap: reason=null_check action=make_not_entrant pc=0x00000000025b36d0 method=com.android.dx.rop.type.Type.equals(Ljava/lang/Object;)Z @ 8

Internal exceptions (10 events):
Event: 2.269 Thread 0x000000000090e800 Threw 0x00000000eb4f8648 at C:\jdk7u2_64p\jdk7u40\hotspot\src\share\vm\prims\jvm.cpp:1244
Event: 2.271 Thread 0x000000000090e800 Threw 0x00000000eb5018a8 at C:\jdk7u2_64p\jdk7u40\hotspot\src\share\vm\prims\jvm.cpp:1244
Event: 2.272 Thread 0x000000000090e800 Threw 0x00000000eb505e78 at C:\jdk7u2_64p\jdk7u40\hotspot\src\share\vm\prims\jvm.cpp:1244
Event: 2.437 Thread 0x000000000090e800 Threw 0x00000000eb594fe8 at C:\jdk7u2_64p\jdk7u40\hotspot\src\share\vm\prims\jvm.cpp:1244
Event: 2.438 Thread 0x000000000090e800 Threw 0x00000000eb598b18 at C:\jdk7u2_64p\jdk7u40\hotspot\src\share\vm\prims\jvm.cpp:1244
Event: 2.452 Thread 0x000000000090e800 Threw 0x00000000eb5c3e18 at C:\jdk7u2_64p\jdk7u40\hotspot\src\share\vm\prims\jvm.cpp:1244
Event: 2.453 Thread 0x000000000090e800 Threw 0x00000000eb5c6e18 at C:\jdk7u2_64p\jdk7u40\hotspot\src\share\vm\prims\jvm.cpp:1244
Event: 2.747 Thread 0x000000000090e800 Implicit null exception at 0x000000000258a9ed to 0x000000000258ad39
Event: 2.999 Thread 0x000000000090e800 Implicit null exception at 0x0000000002599924 to 0x000000000259a301
Event: 3.909 Thread 0x000000000090e800 Implicit null exception at 0x00000000025b35d2 to 0x00000000025b36c2

Events (10 events):
Event: 2.999 Thread 0x000000000090e800 DEOPT PACKING pc=0x000000000259a31c sp=0x000000000220e660
Event: 2.999 Thread 0x000000000090e800 DEOPT UNPACKING pc=0x00000000025475a4 sp=0x000000000220e458 mode 2
Event: 3.346 Executing VM operation: ParallelGCFailedAllocation
Event: 3.370 Executing VM operation: ParallelGCFailedAllocation done
Event: 3.588 Thread 0x000000000090e800 Uncommon trap: trap_request=0xffffff86 fr.pc=0x000000000258a054
Event: 3.589 Thread 0x000000000090e800 DEOPT PACKING pc=0x000000000258a054 sp=0x000000000220e5a0
Event: 3.589 Thread 0x000000000090e800 DEOPT UNPACKING pc=0x00000000025475a4 sp=0x000000000220e568 mode 2
Event: 3.909 Thread 0x000000000090e800 Uncommon trap: trap_request=0xfffffff4 fr.pc=0x00000000025b36d0
Event: 3.909 Thread 0x000000000090e800 DEOPT PACKING pc=0x00000000025b36d0 sp=0x000000000220e5c0
Event: 3.909 Thread 0x000000000090e800 DEOPT UNPACKING pc=0x00000000025475a4 sp=0x000000000220e558 mode 2


Dynamic libraries:
0x00007ff6f1400000 - 0x00007ff6f1433000 	C:\Program Files\Java\jdk1.7.0_40\bin\java.exe
0x00007ffad3bf0000 - 0x00007ffad3db1000 	C:\WINDOWS\SYSTEM32\ntdll.dll
0x00007ffad1c20000 - 0x00007ffad1ccd000 	C:\WINDOWS\system32\KERNEL32.DLL
0x00007ffad10e0000 - 0x00007ffad12bd000 	C:\WINDOWS\system32\KERNELBASE.dll
0x00007ffad38c0000 - 0x00007ffad3966000 	C:\WINDOWS\system32\ADVAPI32.dll
0x00007ffad1490000 - 0x00007ffad152d000 	C:\WINDOWS\system32\msvcrt.dll
0x00007ffad3860000 - 0x00007ffad38bb000 	C:\WINDOWS\system32\sechost.dll
0x00007ffad1f00000 - 0x00007ffad2026000 	C:\WINDOWS\system32\RPCRT4.dll
0x00007ffad19e0000 - 0x00007ffad1b2e000 	C:\WINDOWS\system32\USER32.dll
0x00007ffad1850000 - 0x00007ffad19d6000 	C:\WINDOWS\system32\GDI32.dll
0x00007ffacf460000 - 0x00007ffacf6d4000 	C:\WINDOWS\WinSxS\amd64_microsoft.windows.common-controls_6595b64144ccf1df_6.0.10240.16384_none_f41f7b285750ef43\COMCTL32.dll
0x00007ffad1680000 - 0x00007ffad16b6000 	C:\WINDOWS\system32\IMM32.DLL
0x00007ffad1d90000 - 0x00007ffad1eec000 	C:\WINDOWS\system32\MSCTF.dll
0x0000000063d30000 - 0x0000000063e01000 	C:\Program Files\Java\jdk1.7.0_40\jre\bin\msvcr100.dll
0x00000000641b0000 - 0x0000000064979000 	C:\Program Files\Java\jdk1.7.0_40\jre\bin\server\jvm.dll
0x00007ffad3850000 - 0x00007ffad3858000 	C:\WINDOWS\system32\PSAPI.DLL
0x00007ffac59c0000 - 0x00007ffac59c9000 	C:\WINDOWS\SYSTEM32\WSOCK32.dll
0x00007ffad1bb0000 - 0x00007ffad1c19000 	C:\WINDOWS\system32\WS2_32.dll
0x00007ffad1ef0000 - 0x00007ffad1ef8000 	C:\WINDOWS\system32\NSI.dll
0x00007fface1c0000 - 0x00007fface1e3000 	C:\WINDOWS\SYSTEM32\WINMM.dll
0x00007fface190000 - 0x00007fface1bc000 	C:\WINDOWS\SYSTEM32\WINMMBASE.dll
0x00007ffad09b0000 - 0x00007ffad09f4000 	C:\WINDOWS\system32\cfgmgr32.dll
0x00007fface9e0000 - 0x00007ffacea07000 	C:\WINDOWS\SYSTEM32\DEVOBJ.dll
0x00000000641a0000 - 0x00000000641af000 	C:\Program Files\Java\jdk1.7.0_40\jre\bin\verify.dll
0x0000000064170000 - 0x0000000064198000 	C:\Program Files\Java\jdk1.7.0_40\jre\bin\java.dll
0x0000000064150000 - 0x0000000064165000 	C:\Program Files\Java\jdk1.7.0_40\jre\bin\zip.dll
0x0000000064130000 - 0x0000000064149000 	C:\Program Files\Java\jdk1.7.0_40\jre\bin\net.dll
0x00007ffacfe90000 - 0x00007ffacfeed000 	C:\WINDOWS\system32\mswsock.dll
0x0000000064110000 - 0x0000000064121000 	C:\Program Files\Java\jdk1.7.0_40\jre\bin\nio.dll

VM Arguments:
jvm_args: -Xmx1024M -Dfile.encoding=windows-1250 -Duser.country=SK -Duser.language=sk -Duser.variant 
java_command: com.android.dx.command.Main --dex --output C:\Users\Juraj\OneDrive\Dokumenty\School\Software Engineering II\SmartHouse\app\build\intermediates\pre-dexed\debug\org.eclipse.persistence.core-2.6.0-0902e1ec63735ce88895a42440340dc010a38403.jar C:\Users\Juraj\.gradle\caches\modules-2\files-2.1\org.eclipse.persistence\org.eclipse.persistence.core\2.6.0\af94a15960b85492f89aabaa23deb6465ffc4a38\org.eclipse.persistence.core-2.6.0.jar
Launcher Type: SUN_STANDARD

Environment Variables:
JAVA_HOME=C:\Program Files\Java\jdk1.7.0_40
PATH=C:\ProgramData\Oracle\Java\javapath;C:\Program Files (x86)\ActiveState Komodo Edit 9 nightly\;C:\Program Files (x86)\Common Files\Intel\Shared Files\cpp\bin\Intel64;C:\PROGRAM FILES (X86)\INTEL\ICLS CLIENT\;C:\PROGRAM FILES\INTEL\ICLS CLIENT\;C:\WINDOWS\SYSTEM32;C:\WINDOWS;C:\WINDOWS\SYSTEM32\WBEM;C:\WINDOWS\SYSTEM32\WINDOWSPOWERSHELL\V1.0\;C:\PROGRAM FILES\INTEL\INTEL(R) MANAGEMENT ENGINE COMPONENTS\DAL;C:\PROGRAM FILES\INTEL\INTEL(R) MANAGEMENT ENGINE COMPONENTS\IPT;C:\PROGRAM FILES (X86)\INTEL\INTEL(R) MANAGEMENT ENGINE COMPONENTS\DAL;C:\PROGRAM FILES (X86)\INTEL\INTEL(R) MANAGEMENT ENGINE COMPONENTS\IPT;C:\PROGRAM FILES (X86)\INTEL\OPENCL SDK\2.0\BIN\X86;C:\PROGRAM FILES (X86)\INTEL\OPENCL SDK\2.0\BIN\X64;C:\PROGRAMDATA\LENOVO\READYAPPS;C:\PROGRAM FILES\INTEL\WIFI\BIN\;C:\PROGRAM FILES\COMMON FILES\INTEL\WIRELESSCOMMON\;C:/USERS/JURAJ/DESKTOP/SDK/TOOLS;C:\USERS\JURAJ\DESKTOP\APACHE-ANT-1.9.4\BIN;C:\PROGRAM FILES (X86)\COMMON FILES\LENOVO\EASYPLUSSDK\BIN;C:\Program Files\ThinkPad\Bluetooth Software\;C:\Program Files\ThinkPad\Bluetooth Software\syswow64;C:\Program Files (x86)\Windows Live\Shared;C:\Program Files (x86)\Tupi\lib;C:\Program Files (x86)\Tupi\lib\qt5;C:\Program Files (x86)\Tupi\lib\libav;C:\Program Files\Microsoft\Web Platform Installer\;C:\Program Files\gs\gs9.15\bin;C:\Program Files\gs\gs9.15\lib;C:\Program Files\Mercurial\;C:\WINDOWS\system32;C:\WINDOWS;C:\WINDOWS\System32\Wbem;C:\WINDOWS\System32\WindowsPowerShell\v1.0\;C:\Program Files (x86)\Skype\Phone\;C:\Program Files (x86)\MySQL\MySQL Fabric 1.5 & MySQL Utilities 1.5\;C:\Program Files (x86)\MySQL\MySQL Fabric 1.5 & MySQL Utilities 1.5\Doctrine extensions for PHP\;C:\Program Files\Intel\WiFi\bin\;C:\Program Files\Common Files\Intel\WirelessCommon\;C:\Users\Juraj\GRADLE_HOME/bin;C:/Program Files (x86)/adt-bundle-windows-x86_64-20131030/sdk/sources/android-19/com/android/commands;C:/Program Files/Java/jdk1.7.0_40/bin;C:/Users/Juraj/Desktop/sdk/tools;C:\Users\Juraj\Desktop\apache-ant-1.9.4\bin;
USERNAME=Juraj
OS=Windows_NT
PROCESSOR_IDENTIFIER=Intel64 Family 6 Model 58 Stepping 9, GenuineIntel



---------------  S Y S T E M  ---------------

OS: Windows 8 , 64 bit Build 9200 

CPU:total 4 (2 cores per cpu, 2 threads per core) family 6 model 58 stepping 9, cmov, cx8, fxsr, mmx, sse, sse2, sse3, ssse3, sse4.1, sse4.2, popcnt, avx, aes, erms, ht, tsc, tscinvbit, tscinv

Memory: 4k page, physical 4008860k(296088k free), swap 8814892k(4168k free)

vm_info: Java HotSpot(TM) 64-Bit Server VM (24.0-b56) for windows-amd64 JRE (1.7.0_40-b43), built on Aug 26 2013 22:38:32 by "java_re" with unknown MS VC++:1600

time: Sun Nov 15 18:17:19 2015
elapsed time: 3 seconds

